<?xml version="1.0" encoding="UTF-8"?>
<testsuite xmlns:xsi="http://www.w3.org/2001/XMLSchema-instance" xsi:noNamespaceSchemaLocation="https://maven.apache.org/surefire/maven-surefire-plugin/xsd/surefire-test-report.xsd" version="3.0.2" name="tools.vitruv.methodologisttemplate.vsum.Java2UmlEvaluationGoal1Test" time="35.809" tests="31" errors="1" skipped="0" failures="3">
  <properties>
[...]
</properties>
  <testcase name="testEnumAttributeToProperty" classname="tools.vitruv.methodologisttemplate.vsum.Java2UmlEvaluationGoal1Test" time="4.463">
    <system-out><![CDATA[2025-04-23 15:59:01 INFO eclipse-ibex-workspace: C:\Users\XPS-15\IdeaProjects\Vitruv-TGG-Integration-Test\vsum\..\eclipse-ibex-workspace\Java2Uml
2025-04-23 15:59:01 INFO setupCorrAndProtocol: Wiping corr.xmi and protocol.xmi
2025-04-23 15:59:01 INFO setupCorrAndProtocol: Wiping corr.xmi and protocol.xmi
2025-04-23 15:59:02 INFO Starting change propagation
2025-04-23 15:59:02 DEBUG Started synchronizing change: TransactionalChangeImpl: [
	create Uuid(ord__HOh9wCBLEfCt_d1Q4dqckw)
	insert Uuid(ord__HOh9wCBLEfCt_d1Q4dqckw) at target\Java2UmlEvaluationGoal1\testEnumAttributeToProperty\java_instance.model (index 0)
	Uuid(ord__HOh9wCBLEfCt_d1Q4dqckw).name = peketsch (was )
	create Uuid(ord__HOik0CBLEfCt_d1Q4dqckw)
	Uuid(ord__HOh9wCBLEfCt_d1Q4dqckw).compilationUnits += Uuid(ord__HOik0CBLEfCt_d1Q4dqckw) (index 0)
	create Uuid(ord__HOik0SBLEfCt_d1Q4dqckw)
	Uuid(ord__HOik0CBLEfCt_d1Q4dqckw).classifiers += Uuid(ord__HOik0SBLEfCt_d1Q4dqckw) (index 0)
	Uuid(ord__HOik0SBLEfCt_d1Q4dqckw).name = ehnumm (was )
	create Uuid(ord__HOjL4CBLEfCt_d1Q4dqckw)
	Uuid(ord__HOik0SBLEfCt_d1Q4dqckw).members += Uuid(ord__HOjL4CBLEfCt_d1Q4dqckw) (index 0)
	Uuid(ord__HOjL4CBLEfCt_d1Q4dqckw).name = myField (was )
	create Uuid(ord__HOjL4SBLEfCt_d1Q4dqckw)
	Uuid(ord__HOik0SBLEfCt_d1Q4dqckw).members += Uuid(ord__HOjL4SBLEfCt_d1Q4dqckw) (index 1)
	Uuid(ord__HOjL4SBLEfCt_d1Q4dqckw).name = myField2 (was )
]

2025-04-23 15:59:02 DEBUG Create model instance for resource with URI: target\Java2UmlEvaluationGoal1\testEnumAttributeToProperty\java_instance.model
2025-04-23 15:59:02 DEBUG Start recording virtual model
2025-04-23 15:59:02 INFO ------- Calling ibex -------
2025-04-23 15:59:02 INFO Source Model has no respective target model yet. Creating one.
2025-04-23 15:59:02 DEBUG Create model instance for resource with URI: target\Java2UmlEvaluationGoal1\testEnumAttributeToProperty\uml_instance.model
2025-04-23 15:59:03 INFO Resource not found. Not loading. Path=C:\Users\XPS-15\IdeaProjects\Vitruv-TGG-Integration-Test\vsum\..\eclipse-ibex-workspace/Java2Uml/instances/corr.xmi
2025-04-23 15:59:03 INFO Resource not found. Not loading. Path=C:\Users\XPS-15\IdeaProjects\Vitruv-TGG-Integration-Test\vsum\..\eclipse-ibex-workspace/Java2Uml/instances/protocol.xmi
2025-04-23 15:59:04 WARN CORRUPT RULE: EnumProtectedToProtectedhas nodes and/ or edges whose type is an unresolved proxy!
2025-04-23 15:59:04 WARN   - modifier, org.eclipse.emf.ecore.impl.EClassImpl@1f67761b (eProxyURI: platform:/plugin/org.emftext.language.java/metamodel/java.ecore#_Wo2Yudz1Ed2bJ_pQViWxFg)
2025-04-23 15:59:04 WARN CORRUPT RULE: MethodEnumParamTypeToParamTypehas nodes and/ or edges whose type is an unresolved proxy!
2025-04-23 15:59:04 WARN   - parameter__typeReference__typeReference_eMoflonEdge, org.eclipse.emf.ecore.impl.EReferenceImpl@1391af3b (eProxyURI: platform:/plugin/org.emftext.language.java/metamodel/java.ecore#_Wo2ZQdz1Ed2bJ_pQViWxFg)
2025-04-23 15:59:04 WARN CORRUPT RULE: ConstructorInterfaceParamTypeToParamTypehas nodes and/ or edges whose type is an unresolved proxy!
2025-04-23 15:59:04 WARN   - parameter__typeReference__typeReference_eMoflonEdge, org.eclipse.emf.ecore.impl.EReferenceImpl@77ab22be (eProxyURI: platform:/plugin/org.emftext.language.java/metamodel/java.ecore#_Wo2ZQdz1Ed2bJ_pQViWxFg)
2025-04-23 15:59:04 WARN CORRUPT RULE: MethodClassParamTypeToParamTypehas nodes and/ or edges whose type is an unresolved proxy!
2025-04-23 15:59:04 WARN   - parameter__typeReference__typeReference_eMoflonEdge, org.eclipse.emf.ecore.impl.EReferenceImpl@1b6924cb (eProxyURI: platform:/plugin/org.emftext.language.java/metamodel/java.ecore#_Wo2ZQdz1Ed2bJ_pQViWxFg)
2025-04-23 15:59:04 WARN CORRUPT RULE: MethodAbstractToAbstracthas nodes and/ or edges whose type is an unresolved proxy!
2025-04-23 15:59:04 WARN   - modifier, org.eclipse.emf.ecore.impl.EClassImpl@141d3d43 (eProxyURI: platform:/plugin/org.emftext.language.java/metamodel/java.ecore#_Wo2Yt9z1Ed2bJ_pQViWxFg)
2025-04-23 15:59:04 WARN CORRUPT RULE: ClassProtectedToProtectedhas nodes and/ or edges whose type is an unresolved proxy!
2025-04-23 15:59:04 WARN   - modifier, org.eclipse.emf.ecore.impl.EClassImpl@3ebe4ccc (eProxyURI: platform:/plugin/org.emftext.language.java/metamodel/java.ecore#_Wo2Yudz1Ed2bJ_pQViWxFg)
2025-04-23 15:59:04 WARN CORRUPT RULE: MethodFinalToFinalhas nodes and/ or edges whose type is an unresolved proxy!
2025-04-23 15:59:04 WARN   - modifier, org.eclipse.emf.ecore.impl.EClassImpl@135a8c6f (eProxyURI: platform:/plugin/org.emftext.language.java/metamodel/java.ecore#_Wo2Yvdz1Ed2bJ_pQViWxFg)
2025-04-23 15:59:04 WARN CORRUPT RULE: EnumAttributeTypeToPropertyTypehas nodes and/ or edges whose type is an unresolved proxy!
2025-04-23 15:59:04 WARN   - field__typeReference__typeReference_eMoflonEdge, org.eclipse.emf.ecore.impl.EReferenceImpl@280d4882 (eProxyURI: platform:/plugin/org.emftext.language.java/metamodel/java.ecore#_Wo2ZQdz1Ed2bJ_pQViWxFg)
2025-04-23 15:59:04 WARN CORRUPT RULE: InterfaceAttributeTypeToPropertyTypehas nodes and/ or edges whose type is an unresolved proxy!
2025-04-23 15:59:04 WARN   - field__typeReference__typeReference_eMoflonEdge, org.eclipse.emf.ecore.impl.EReferenceImpl@3d19d85 (eProxyURI: platform:/plugin/org.emftext.language.java/metamodel/java.ecore#_Wo2ZQdz1Ed2bJ_pQViWxFg)
2025-04-23 15:59:04 WARN CORRUPT RULE: MethodInterfaceParamTypeToParamTypehas nodes and/ or edges whose type is an unresolved proxy!
2025-04-23 15:59:04 WARN   - parameter__typeReference__typeReference_eMoflonEdge, org.eclipse.emf.ecore.impl.EReferenceImpl@68ed3f30 (eProxyURI: platform:/plugin/org.emftext.language.java/metamodel/java.ecore#_Wo2ZQdz1Ed2bJ_pQViWxFg)
2025-04-23 15:59:04 WARN CORRUPT RULE: FieldFinalToFinalhas nodes and/ or edges whose type is an unresolved proxy!
2025-04-23 15:59:04 WARN   - modifier, org.eclipse.emf.ecore.impl.EClassImpl@590adb41 (eProxyURI: platform:/plugin/org.emftext.language.java/metamodel/java.ecore#_Wo2Yvdz1Ed2bJ_pQViWxFg)
2025-04-23 15:59:04 WARN CORRUPT RULE: ClassAbstractToAbstracthas nodes and/ or edges whose type is an unresolved proxy!
2025-04-23 15:59:04 WARN   - modifier, org.eclipse.emf.ecore.impl.EClassImpl@43bf5397 (eProxyURI: platform:/plugin/org.emftext.language.java/metamodel/java.ecore#_Wo2Yt9z1Ed2bJ_pQViWxFg)
2025-04-23 15:59:04 WARN CORRUPT RULE: ClassAttributeTypeToPropertyTypehas nodes and/ or edges whose type is an unresolved proxy!
2025-04-23 15:59:04 WARN   - field__typeReference__typeReference_eMoflonEdge, org.eclipse.emf.ecore.impl.EReferenceImpl@58015e56 (eProxyURI: platform:/plugin/org.emftext.language.java/metamodel/java.ecore#_Wo2ZQdz1Ed2bJ_pQViWxFg)
2025-04-23 15:59:04 WARN CORRUPT RULE: MethodClassReturnTypeToReturnTypehas nodes and/ or edges whose type is an unresolved proxy!
2025-04-23 15:59:04 WARN   - javaMethod__typeReference__typeReference_eMoflonEdge, org.eclipse.emf.ecore.impl.EReferenceImpl@7426a448 (eProxyURI: platform:/plugin/org.emftext.language.java/metamodel/java.ecore#_Wo2ZQdz1Ed2bJ_pQViWxFg)
2025-04-23 15:59:04 WARN CORRUPT RULE: InterfacePrivateToPrivatehas nodes and/ or edges whose type is an unresolved proxy!
2025-04-23 15:59:04 WARN   - modifier, org.eclipse.emf.ecore.impl.EClassImpl@3456558 (eProxyURI: platform:/plugin/org.emftext.language.java/metamodel/java.ecore#_Wo2Yu9z1Ed2bJ_pQViWxFg)
2025-04-23 15:59:04 WARN CORRUPT RULE: InterfaceProtectedToProtectedhas nodes and/ or edges whose type is an unresolved proxy!
2025-04-23 15:59:04 WARN   - modifier, org.eclipse.emf.ecore.impl.EClassImpl@6cbe7d4d (eProxyURI: platform:/plugin/org.emftext.language.java/metamodel/java.ecore#_Wo2Yudz1Ed2bJ_pQViWxFg)
2025-04-23 15:59:04 WARN CORRUPT RULE: FieldStaticToStatichas nodes and/ or edges whose type is an unresolved proxy!
2025-04-23 15:59:04 WARN   - modifier, org.eclipse.emf.ecore.impl.EClassImpl@3679d92e (eProxyURI: platform:/plugin/org.emftext.language.java/metamodel/java.ecore#_Wo2Yv9z1Ed2bJ_pQViWxFg)
2025-04-23 15:59:04 WARN CORRUPT RULE: ConstructorEnumParamTypeToParamTypehas nodes and/ or edges whose type is an unresolved proxy!
2025-04-23 15:59:04 WARN   - parameter__typeReference__typeReference_eMoflonEdge, org.eclipse.emf.ecore.impl.EReferenceImpl@58fa5769 (eProxyURI: platform:/plugin/org.emftext.language.java/metamodel/java.ecore#_Wo2ZQdz1Ed2bJ_pQViWxFg)
2025-04-23 15:59:04 WARN CORRUPT RULE: EnumPrivateToPrivatehas nodes and/ or edges whose type is an unresolved proxy!
2025-04-23 15:59:04 WARN   - modifier, org.eclipse.emf.ecore.impl.EClassImpl@4ee25d80 (eProxyURI: platform:/plugin/org.emftext.language.java/metamodel/java.ecore#_Wo2Yu9z1Ed2bJ_pQViWxFg)
2025-04-23 15:59:04 WARN CORRUPT RULE: InterfaceFinalToFinalhas nodes and/ or edges whose type is an unresolved proxy!
2025-04-23 15:59:04 WARN   - modifier, org.eclipse.emf.ecore.impl.EClassImpl@ba17be6 (eProxyURI: platform:/plugin/org.emftext.language.java/metamodel/java.ecore#_Wo2Yvdz1Ed2bJ_pQViWxFg)
2025-04-23 15:59:04 WARN CORRUPT RULE: MethodInterfaceReturnTypeToReturnTypehas nodes and/ or edges whose type is an unresolved proxy!
2025-04-23 15:59:04 WARN   - javaMethod__typeReference__typeReference_eMoflonEdge, org.eclipse.emf.ecore.impl.EReferenceImpl@332bcab0 (eProxyURI: platform:/plugin/org.emftext.language.java/metamodel/java.ecore#_Wo2ZQdz1Ed2bJ_pQViWxFg)
2025-04-23 15:59:04 WARN CORRUPT RULE: MethodStaticToStatichas nodes and/ or edges whose type is an unresolved proxy!
2025-04-23 15:59:04 WARN   - modifier, org.eclipse.emf.ecore.impl.EClassImpl@6342ff7f (eProxyURI: platform:/plugin/org.emftext.language.java/metamodel/java.ecore#_Wo2Yv9z1Ed2bJ_pQViWxFg)
2025-04-23 15:59:04 WARN CORRUPT RULE: ClassPublicToPublichas nodes and/ or edges whose type is an unresolved proxy!
2025-04-23 15:59:04 WARN   - modifier, org.eclipse.emf.ecore.impl.EClassImpl@2daf06fc (eProxyURI: platform:/plugin/org.emftext.language.java/metamodel/java.ecore#_Wo2Ytdz1Ed2bJ_pQViWxFg)
2025-04-23 15:59:04 WARN CORRUPT RULE: EnumAbstractToAbstracthas nodes and/ or edges whose type is an unresolved proxy!
2025-04-23 15:59:04 WARN   - modifier, org.eclipse.emf.ecore.impl.EClassImpl@5ceecfee (eProxyURI: platform:/plugin/org.emftext.language.java/metamodel/java.ecore#_Wo2Yt9z1Ed2bJ_pQViWxFg)
2025-04-23 15:59:04 WARN CORRUPT RULE: ClassPrivateToPrivatehas nodes and/ or edges whose type is an unresolved proxy!
2025-04-23 15:59:04 WARN   - modifier, org.eclipse.emf.ecore.impl.EClassImpl@28ee7bee (eProxyURI: platform:/plugin/org.emftext.language.java/metamodel/java.ecore#_Wo2Yu9z1Ed2bJ_pQViWxFg)
2025-04-23 15:59:04 WARN CORRUPT RULE: EnumFinalToFinalhas nodes and/ or edges whose type is an unresolved proxy!
2025-04-23 15:59:04 WARN   - modifier, org.eclipse.emf.ecore.impl.EClassImpl@31e130bf (eProxyURI: platform:/plugin/org.emftext.language.java/metamodel/java.ecore#_Wo2Yvdz1Ed2bJ_pQViWxFg)
2025-04-23 15:59:04 WARN CORRUPT RULE: InterfaceAbstractToAbstracthas nodes and/ or edges whose type is an unresolved proxy!
2025-04-23 15:59:04 WARN   - modifier, org.eclipse.emf.ecore.impl.EClassImpl@f1f7db2 (eProxyURI: platform:/plugin/org.emftext.language.java/metamodel/java.ecore#_Wo2Yt9z1Ed2bJ_pQViWxFg)
2025-04-23 15:59:04 WARN CORRUPT RULE: InterfacePublicToPublichas nodes and/ or edges whose type is an unresolved proxy!
2025-04-23 15:59:04 WARN   - modifier, org.eclipse.emf.ecore.impl.EClassImpl@7c3e4b1a (eProxyURI: platform:/plugin/org.emftext.language.java/metamodel/java.ecore#_Wo2Ytdz1Ed2bJ_pQViWxFg)
2025-04-23 15:59:04 WARN CORRUPT RULE: MethodEnumReturnTypeToReturnTypehas nodes and/ or edges whose type is an unresolved proxy!
2025-04-23 15:59:04 WARN   - javaMethod__typeReference__typeReference_eMoflonEdge, org.eclipse.emf.ecore.impl.EReferenceImpl@765d55d5 (eProxyURI: platform:/plugin/org.emftext.language.java/metamodel/java.ecore#_Wo2ZQdz1Ed2bJ_pQViWxFg)
2025-04-23 15:59:04 WARN CORRUPT RULE: EnumPublicToPublichas nodes and/ or edges whose type is an unresolved proxy!
2025-04-23 15:59:04 WARN   - modifier, org.eclipse.emf.ecore.impl.EClassImpl@2bfb583b (eProxyURI: platform:/plugin/org.emftext.language.java/metamodel/java.ecore#_Wo2Ytdz1Ed2bJ_pQViWxFg)
2025-04-23 15:59:04 WARN CORRUPT RULE: ClassFinalToFinalhas nodes and/ or edges whose type is an unresolved proxy!
2025-04-23 15:59:04 WARN   - modifier, org.eclipse.emf.ecore.impl.EClassImpl@6fc1020a (eProxyURI: platform:/plugin/org.emftext.language.java/metamodel/java.ecore#_Wo2Yvdz1Ed2bJ_pQViWxFg)
2025-04-23 15:59:04 WARN CORRUPT RULE: ConstructorClassParamTypeToParamTypehas nodes and/ or edges whose type is an unresolved proxy!
2025-04-23 15:59:04 WARN   - parameter__typeReference__typeReference_eMoflonEdge, org.eclipse.emf.ecore.impl.EReferenceImpl@2629d5dc (eProxyURI: platform:/plugin/org.emftext.language.java/metamodel/java.ecore#_Wo2ZQdz1Ed2bJ_pQViWxFg)
2025-04-23 15:59:04 INFO Pattern Conversion took 205.5839 ms
2025-04-23 15:59:04 INFO Starting SYNC
2025-04-23 15:59:04 WARN   LOADED MARKERS : 
    - 
2025-04-23 15:59:04 WARN No rule defined to cover the following change's type: [InsertEAttributeValue] AE=Package:260a3a5e, name=peketsch
2025-04-23 15:59:04 WARN No rule defined to cover the following change's type: [InsertEAttributeValue] AE=Enumeration:4f5f6e45, name=ehnumm
2025-04-23 15:59:04 WARN No rule defined to cover the following change's type: [InsertEAttributeValue] AE=Field:615e3f51, name=myField
2025-04-23 15:59:04 WARN No rule defined to cover the following change's type: [InsertEAttributeValue] AE=Field:407873d3, name=myField2
2025-04-23 15:59:04 INFO Pattern Matching took 98.3175 ms
2025-04-23 15:59:05 INFO Created elements: 15
2025-04-23 15:59:05 INFO Deleted elements: 0
2025-04-23 15:59:05 INFO Completed SYNC in: 1107 ms
2025-04-23 15:59:05 DEBUG BENCHMARKLOGGER logs: 
2025-04-23 15:59:05 DEBUG BenchmarkLogger
[
  Total elements created .. 15
  Total elements deleted .. 0
  Total matches found ..... 8
  Total matches repaired .. 0
  Total matches revoked ... 0
  Total matches applied ... 5
]
2025-04-23 15:59:05 INFO VitruviusBackwardConversionTGGEngine::terminate called. We do not use this.
2025-04-23 15:59:05 DEBUG Add root to resource: org.eclipse.emf.ecore.xmi.impl.XMIResourceImpl@476ee5b3 uri='target\Java2UmlEvaluationGoal1\testEnumAttributeToProperty\uml_instance.model'
2025-04-23 15:59:05 INFO -- Added the following corrs: 
2025-04-23 15:59:05 INFO   - [CorrespondenceNode JavaClassifierToUmlClassifier] SRC=Enumeration:4f5f6e45, name=ehnumm, TRG=Enumeration:76cf841, name=ehnumm
2025-04-23 15:59:05 INFO   - [CorrespondenceNode JavaAttributeToUmlProperty] SRC=Field:615e3f51, name=myField, TRG=Property:61ae0d43, name=myField
2025-04-23 15:59:05 INFO   - [CorrespondenceNode JavaCompilationUnitToUmlModel] SRC=CompilationUnit:2e51d054, name=null, TRG=Model:c889805, name=UML_MODEL
2025-04-23 15:59:05 INFO   - [CorrespondenceNode JavaPackageToUmlPackage] SRC=Package:260a3a5e, name=peketsch, TRG=Package:630bf683, name=peketsch
2025-04-23 15:59:05 INFO   - [CorrespondenceNode JavaAttributeToUmlProperty] SRC=Field:407873d3, name=myField2, TRG=Property:2b4d4327, name=myField2
2025-04-23 15:59:05 DEBUG End recording virtual model
2025-04-23 15:59:05 DEBUG Propagated <input change> in [[http://www.emftext.org/java]] -> {[[http://www.eclipse.org/uml2/5.0.0/UML]]}
2025-04-23 15:59:05 DEBUG Propagated <input change> in [[http://www.emftext.org/java]] -> [[http://www.eclipse.org/uml2/5.0.0/UML]] -> {}
2025-04-23 15:59:05 DEBUG Propagated <input change> in [[http://www.emftext.org/java]] -> [[http://www.eclipse.org/uml2/5.0.0/UML]] -> {}
2025-04-23 15:59:05 DEBUG Start recording virtual model
2025-04-23 15:59:05 WARN propagateChange not implemented, use propagateChanges (with an s).
2025-04-23 15:59:05 WARN propagateChange not implemented, use propagateChanges (with an s).
2025-04-23 15:59:05 WARN propagateChange not implemented, use propagateChanges (with an s).
2025-04-23 15:59:05 WARN propagateChange not implemented, use propagateChanges (with an s).
2025-04-23 15:59:05 WARN propagateChange not implemented, use propagateChanges (with an s).
2025-04-23 15:59:05 WARN propagateChange not implemented, use propagateChanges (with an s).
2025-04-23 15:59:05 WARN propagateChange not implemented, use propagateChanges (with an s).
2025-04-23 15:59:05 WARN propagateChange not implemented, use propagateChanges (with an s).
2025-04-23 15:59:05 WARN propagateChange not implemented, use propagateChanges (with an s).
2025-04-23 15:59:05 WARN propagateChange not implemented, use propagateChanges (with an s).
2025-04-23 15:59:05 WARN propagateChange not implemented, use propagateChanges (with an s).
2025-04-23 15:59:05 WARN propagateChange not implemented, use propagateChanges (with an s).
2025-04-23 15:59:05 WARN propagateChange not implemented, use propagateChanges (with an s).
2025-04-23 15:59:05 WARN propagateChange not implemented, use propagateChanges (with an s).
2025-04-23 15:59:05 DEBUG End recording virtual model
2025-04-23 15:59:05 DEBUG Propagated <input change> in [[http://www.emftext.org/java]] -> {}
2025-04-23 15:59:05 DEBUG Saving all models of model repository for VSUM @target\Java2UmlEvaluationGoal1\testEnumAttributeToProperty
2025-04-23 15:59:05 DEBUG Save resource: org.eclipse.emf.ecore.xmi.impl.XMIResourceImpl@476ee5b3 uri='target\Java2UmlEvaluationGoal1\testEnumAttributeToProperty\uml_instance.model'
2025-04-23 15:59:05 DEBUG Finished synchronizing change: TransactionalChangeImpl: [
	create Uuid(ord__HOh9wCBLEfCt_d1Q4dqckw)
	insert Uuid(ord__HOh9wCBLEfCt_d1Q4dqckw) at target\Java2UmlEvaluationGoal1\testEnumAttributeToProperty\java_instance.model (index 0)
	Uuid(ord__HOh9wCBLEfCt_d1Q4dqckw).name = peketsch (was )
	create Uuid(ord__HOik0CBLEfCt_d1Q4dqckw)
	Uuid(ord__HOh9wCBLEfCt_d1Q4dqckw).compilationUnits += Uuid(ord__HOik0CBLEfCt_d1Q4dqckw) (index 0)
	create Uuid(ord__HOik0SBLEfCt_d1Q4dqckw)
	Uuid(ord__HOik0CBLEfCt_d1Q4dqckw).classifiers += Uuid(ord__HOik0SBLEfCt_d1Q4dqckw) (index 0)
	Uuid(ord__HOik0SBLEfCt_d1Q4dqckw).name = ehnumm (was )
	create Uuid(ord__HOjL4CBLEfCt_d1Q4dqckw)
	Uuid(ord__HOik0SBLEfCt_d1Q4dqckw).members += Uuid(ord__HOjL4CBLEfCt_d1Q4dqckw) (index 0)
	Uuid(ord__HOjL4CBLEfCt_d1Q4dqckw).name = myField (was )
	create Uuid(ord__HOjL4SBLEfCt_d1Q4dqckw)
	Uuid(ord__HOik0SBLEfCt_d1Q4dqckw).members += Uuid(ord__HOjL4SBLEfCt_d1Q4dqckw) (index 1)
	Uuid(ord__HOjL4SBLEfCt_d1Q4dqckw).name = myField2 (was )
]

2025-04-23 15:59:05 INFO Finished change propagation
]]></system-out>
  </testcase>
  <testcase name="testJavaMemberDeleted" classname="tools.vitruv.methodologisttemplate.vsum.Java2UmlEvaluationGoal1Test" time="2.137">
    <system-out><![CDATA[2025-04-23 15:59:06 INFO eclipse-ibex-workspace: C:\Users\XPS-15\IdeaProjects\Vitruv-TGG-Integration-Test\vsum\..\eclipse-ibex-workspace\Java2Uml
2025-04-23 15:59:06 INFO setupCorrAndProtocol: Wiping corr.xmi and protocol.xmi
2025-04-23 15:59:06 INFO setupCorrAndProtocol: Wiping corr.xmi and protocol.xmi
2025-04-23 15:59:06 INFO Starting change propagation
2025-04-23 15:59:06 DEBUG Started synchronizing change: TransactionalChangeImpl: [
	create Uuid(ord__HudbACBLEfCt_d1Q4dqckw)
	insert Uuid(ord__HudbACBLEfCt_d1Q4dqckw) at target\Java2UmlEvaluationGoal1\testJavaMemberDeleted\java_instance.model (index 0)
	Uuid(ord__HudbACBLEfCt_d1Q4dqckw).name = peketsch (was )
	create Uuid(ord__HudbASBLEfCt_d1Q4dqckw)
	Uuid(ord__HudbACBLEfCt_d1Q4dqckw).compilationUnits += Uuid(ord__HudbASBLEfCt_d1Q4dqckw) (index 0)
	create Uuid(ord__HueCECBLEfCt_d1Q4dqckw)
	Uuid(ord__HudbASBLEfCt_d1Q4dqckw).classifiers += Uuid(ord__HueCECBLEfCt_d1Q4dqckw) (index 0)
	Uuid(ord__HueCECBLEfCt_d1Q4dqckw).name = kless (was )
	create Uuid(ord__HueCESBLEfCt_d1Q4dqckw)
	Uuid(ord__HueCECBLEfCt_d1Q4dqckw).members += Uuid(ord__HueCESBLEfCt_d1Q4dqckw) (index 0)
	Uuid(ord__HueCESBLEfCt_d1Q4dqckw).name = constructer (was )
	create Uuid(ord__HueCEiBLEfCt_d1Q4dqckw)
	Uuid(ord__HueCESBLEfCt_d1Q4dqckw).parameters += Uuid(ord__HueCEiBLEfCt_d1Q4dqckw) (index 0)
	Uuid(ord__HueCEiBLEfCt_d1Q4dqckw).name = parrametr (was )
	create Uuid(ord__HueCEyBLEfCt_d1Q4dqckw)
	Uuid(ord__HueCECBLEfCt_d1Q4dqckw).members += Uuid(ord__HueCEyBLEfCt_d1Q4dqckw) (index 1)
	Uuid(ord__HueCEyBLEfCt_d1Q4dqckw).name = methed (was )
	create Uuid(ord__HueCFCBLEfCt_d1Q4dqckw)
	Uuid(ord__HueCEyBLEfCt_d1Q4dqckw).parameters += Uuid(ord__HueCFCBLEfCt_d1Q4dqckw) (index 0)
	create Uuid(ord__HuepICBLEfCt_d1Q4dqckw)
	Uuid(ord__HueCECBLEfCt_d1Q4dqckw).members += Uuid(ord__HuepICBLEfCt_d1Q4dqckw) (index 2)
	Uuid(ord__HuepICBLEfCt_d1Q4dqckw).name = myField (was )
]

2025-04-23 15:59:06 DEBUG Create model instance for resource with URI: target\Java2UmlEvaluationGoal1\testJavaMemberDeleted\java_instance.model
2025-04-23 15:59:06 DEBUG Start recording virtual model
2025-04-23 15:59:06 INFO ------- Calling ibex -------
2025-04-23 15:59:06 INFO Source Model has no respective target model yet. Creating one.
2025-04-23 15:59:06 DEBUG Create model instance for resource with URI: target\Java2UmlEvaluationGoal1\testJavaMemberDeleted\uml_instance.model
2025-04-23 15:59:06 INFO Resource not found. Not loading. Path=C:\Users\XPS-15\IdeaProjects\Vitruv-TGG-Integration-Test\vsum\..\eclipse-ibex-workspace/Java2Uml/instances/corr.xmi
2025-04-23 15:59:06 INFO Resource not found. Not loading. Path=C:\Users\XPS-15\IdeaProjects\Vitruv-TGG-Integration-Test\vsum\..\eclipse-ibex-workspace/Java2Uml/instances/protocol.xmi
2025-04-23 15:59:06 WARN CORRUPT RULE: InterfaceAbstractToAbstracthas nodes and/ or edges whose type is an unresolved proxy!
2025-04-23 15:59:06 WARN   - modifier, org.eclipse.emf.ecore.impl.EClassImpl@7fdd43cd (eProxyURI: platform:/plugin/org.emftext.language.java/metamodel/java.ecore#_Wo2Yt9z1Ed2bJ_pQViWxFg)
2025-04-23 15:59:06 WARN CORRUPT RULE: ClassAttributeTypeToPropertyTypehas nodes and/ or edges whose type is an unresolved proxy!
2025-04-23 15:59:06 WARN   - field__typeReference__typeReference_eMoflonEdge, org.eclipse.emf.ecore.impl.EReferenceImpl@2ce03e86 (eProxyURI: platform:/plugin/org.emftext.language.java/metamodel/java.ecore#_Wo2ZQdz1Ed2bJ_pQViWxFg)
2025-04-23 15:59:06 WARN CORRUPT RULE: MethodFinalToFinalhas nodes and/ or edges whose type is an unresolved proxy!
2025-04-23 15:59:06 WARN   - modifier, org.eclipse.emf.ecore.impl.EClassImpl@9b47400 (eProxyURI: platform:/plugin/org.emftext.language.java/metamodel/java.ecore#_Wo2Yvdz1Ed2bJ_pQViWxFg)
2025-04-23 15:59:06 WARN CORRUPT RULE: MethodInterfaceReturnTypeToReturnTypehas nodes and/ or edges whose type is an unresolved proxy!
2025-04-23 15:59:06 WARN   - javaMethod__typeReference__typeReference_eMoflonEdge, org.eclipse.emf.ecore.impl.EReferenceImpl@594131f2 (eProxyURI: platform:/plugin/org.emftext.language.java/metamodel/java.ecore#_Wo2ZQdz1Ed2bJ_pQViWxFg)
2025-04-23 15:59:06 WARN CORRUPT RULE: ClassProtectedToProtectedhas nodes and/ or edges whose type is an unresolved proxy!
2025-04-23 15:59:06 WARN   - modifier, org.eclipse.emf.ecore.impl.EClassImpl@7bee8621 (eProxyURI: platform:/plugin/org.emftext.language.java/metamodel/java.ecore#_Wo2Yudz1Ed2bJ_pQViWxFg)
2025-04-23 15:59:06 WARN CORRUPT RULE: MethodEnumReturnTypeToReturnTypehas nodes and/ or edges whose type is an unresolved proxy!
2025-04-23 15:59:06 WARN   - javaMethod__typeReference__typeReference_eMoflonEdge, org.eclipse.emf.ecore.impl.EReferenceImpl@1e12a5a6 (eProxyURI: platform:/plugin/org.emftext.language.java/metamodel/java.ecore#_Wo2ZQdz1Ed2bJ_pQViWxFg)
2025-04-23 15:59:06 WARN CORRUPT RULE: EnumFinalToFinalhas nodes and/ or edges whose type is an unresolved proxy!
2025-04-23 15:59:06 WARN   - modifier, org.eclipse.emf.ecore.impl.EClassImpl@47a7c93e (eProxyURI: platform:/plugin/org.emftext.language.java/metamodel/java.ecore#_Wo2Yvdz1Ed2bJ_pQViWxFg)
2025-04-23 15:59:06 WARN CORRUPT RULE: InterfacePublicToPublichas nodes and/ or edges whose type is an unresolved proxy!
2025-04-23 15:59:06 WARN   - modifier, org.eclipse.emf.ecore.impl.EClassImpl@64ae105d (eProxyURI: platform:/plugin/org.emftext.language.java/metamodel/java.ecore#_Wo2Ytdz1Ed2bJ_pQViWxFg)
2025-04-23 15:59:06 WARN CORRUPT RULE: ConstructorInterfaceParamTypeToParamTypehas nodes and/ or edges whose type is an unresolved proxy!
2025-04-23 15:59:06 WARN   - parameter__typeReference__typeReference_eMoflonEdge, org.eclipse.emf.ecore.impl.EReferenceImpl@69364b2d (eProxyURI: platform:/plugin/org.emftext.language.java/metamodel/java.ecore#_Wo2ZQdz1Ed2bJ_pQViWxFg)
2025-04-23 15:59:06 WARN CORRUPT RULE: InterfaceFinalToFinalhas nodes and/ or edges whose type is an unresolved proxy!
2025-04-23 15:59:06 WARN   - modifier, org.eclipse.emf.ecore.impl.EClassImpl@4792f119 (eProxyURI: platform:/plugin/org.emftext.language.java/metamodel/java.ecore#_Wo2Yvdz1Ed2bJ_pQViWxFg)
2025-04-23 15:59:06 WARN CORRUPT RULE: MethodAbstractToAbstracthas nodes and/ or edges whose type is an unresolved proxy!
2025-04-23 15:59:06 WARN   - modifier, org.eclipse.emf.ecore.impl.EClassImpl@ea00de (eProxyURI: platform:/plugin/org.emftext.language.java/metamodel/java.ecore#_Wo2Yt9z1Ed2bJ_pQViWxFg)
2025-04-23 15:59:06 WARN CORRUPT RULE: EnumPublicToPublichas nodes and/ or edges whose type is an unresolved proxy!
2025-04-23 15:59:06 WARN   - modifier, org.eclipse.emf.ecore.impl.EClassImpl@52f6900a (eProxyURI: platform:/plugin/org.emftext.language.java/metamodel/java.ecore#_Wo2Ytdz1Ed2bJ_pQViWxFg)
2025-04-23 15:59:06 WARN CORRUPT RULE: InterfacePrivateToPrivatehas nodes and/ or edges whose type is an unresolved proxy!
2025-04-23 15:59:06 WARN   - modifier, org.eclipse.emf.ecore.impl.EClassImpl@2b80e5a9 (eProxyURI: platform:/plugin/org.emftext.language.java/metamodel/java.ecore#_Wo2Yu9z1Ed2bJ_pQViWxFg)
2025-04-23 15:59:06 WARN CORRUPT RULE: EnumAbstractToAbstracthas nodes and/ or edges whose type is an unresolved proxy!
2025-04-23 15:59:06 WARN   - modifier, org.eclipse.emf.ecore.impl.EClassImpl@2a50b32d (eProxyURI: platform:/plugin/org.emftext.language.java/metamodel/java.ecore#_Wo2Yt9z1Ed2bJ_pQViWxFg)
2025-04-23 15:59:06 WARN CORRUPT RULE: EnumPrivateToPrivatehas nodes and/ or edges whose type is an unresolved proxy!
2025-04-23 15:59:06 WARN   - modifier, org.eclipse.emf.ecore.impl.EClassImpl@1ac6dd3d (eProxyURI: platform:/plugin/org.emftext.language.java/metamodel/java.ecore#_Wo2Yu9z1Ed2bJ_pQViWxFg)
2025-04-23 15:59:06 WARN CORRUPT RULE: MethodEnumParamTypeToParamTypehas nodes and/ or edges whose type is an unresolved proxy!
2025-04-23 15:59:06 WARN   - parameter__typeReference__typeReference_eMoflonEdge, org.eclipse.emf.ecore.impl.EReferenceImpl@794f11cd (eProxyURI: platform:/plugin/org.emftext.language.java/metamodel/java.ecore#_Wo2ZQdz1Ed2bJ_pQViWxFg)
2025-04-23 15:59:06 WARN CORRUPT RULE: ClassPrivateToPrivatehas nodes and/ or edges whose type is an unresolved proxy!
2025-04-23 15:59:06 WARN   - modifier, org.eclipse.emf.ecore.impl.EClassImpl@5d5c41e5 (eProxyURI: platform:/plugin/org.emftext.language.java/metamodel/java.ecore#_Wo2Yu9z1Ed2bJ_pQViWxFg)
2025-04-23 15:59:06 WARN CORRUPT RULE: EnumAttributeTypeToPropertyTypehas nodes and/ or edges whose type is an unresolved proxy!
2025-04-23 15:59:06 WARN   - field__typeReference__typeReference_eMoflonEdge, org.eclipse.emf.ecore.impl.EReferenceImpl@42e4e589 (eProxyURI: platform:/plugin/org.emftext.language.java/metamodel/java.ecore#_Wo2ZQdz1Ed2bJ_pQViWxFg)
2025-04-23 15:59:06 WARN CORRUPT RULE: MethodClassReturnTypeToReturnTypehas nodes and/ or edges whose type is an unresolved proxy!
2025-04-23 15:59:06 WARN   - javaMethod__typeReference__typeReference_eMoflonEdge, org.eclipse.emf.ecore.impl.EReferenceImpl@76f2dad9 (eProxyURI: platform:/plugin/org.emftext.language.java/metamodel/java.ecore#_Wo2ZQdz1Ed2bJ_pQViWxFg)
2025-04-23 15:59:06 WARN CORRUPT RULE: FieldStaticToStatichas nodes and/ or edges whose type is an unresolved proxy!
2025-04-23 15:59:06 WARN   - modifier, org.eclipse.emf.ecore.impl.EClassImpl@72b0a004 (eProxyURI: platform:/plugin/org.emftext.language.java/metamodel/java.ecore#_Wo2Yv9z1Ed2bJ_pQViWxFg)
2025-04-23 15:59:06 WARN CORRUPT RULE: InterfaceAttributeTypeToPropertyTypehas nodes and/ or edges whose type is an unresolved proxy!
2025-04-23 15:59:06 WARN   - field__typeReference__typeReference_eMoflonEdge, org.eclipse.emf.ecore.impl.EReferenceImpl@2c1f8dbd (eProxyURI: platform:/plugin/org.emftext.language.java/metamodel/java.ecore#_Wo2ZQdz1Ed2bJ_pQViWxFg)
2025-04-23 15:59:06 WARN CORRUPT RULE: FieldFinalToFinalhas nodes and/ or edges whose type is an unresolved proxy!
2025-04-23 15:59:06 WARN   - modifier, org.eclipse.emf.ecore.impl.EClassImpl@22825e1e (eProxyURI: platform:/plugin/org.emftext.language.java/metamodel/java.ecore#_Wo2Yvdz1Ed2bJ_pQViWxFg)
2025-04-23 15:59:06 WARN CORRUPT RULE: ClassAbstractToAbstracthas nodes and/ or edges whose type is an unresolved proxy!
2025-04-23 15:59:06 WARN   - modifier, org.eclipse.emf.ecore.impl.EClassImpl@63fd4dda (eProxyURI: platform:/plugin/org.emftext.language.java/metamodel/java.ecore#_Wo2Yt9z1Ed2bJ_pQViWxFg)
2025-04-23 15:59:06 WARN CORRUPT RULE: MethodStaticToStatichas nodes and/ or edges whose type is an unresolved proxy!
2025-04-23 15:59:06 WARN   - modifier, org.eclipse.emf.ecore.impl.EClassImpl@2d258eff (eProxyURI: platform:/plugin/org.emftext.language.java/metamodel/java.ecore#_Wo2Yv9z1Ed2bJ_pQViWxFg)
2025-04-23 15:59:06 WARN CORRUPT RULE: ClassFinalToFinalhas nodes and/ or edges whose type is an unresolved proxy!
2025-04-23 15:59:06 WARN   - modifier, org.eclipse.emf.ecore.impl.EClassImpl@6dca31eb (eProxyURI: platform:/plugin/org.emftext.language.java/metamodel/java.ecore#_Wo2Yvdz1Ed2bJ_pQViWxFg)
2025-04-23 15:59:06 WARN CORRUPT RULE: ConstructorEnumParamTypeToParamTypehas nodes and/ or edges whose type is an unresolved proxy!
2025-04-23 15:59:06 WARN   - parameter__typeReference__typeReference_eMoflonEdge, org.eclipse.emf.ecore.impl.EReferenceImpl@4b56b031 (eProxyURI: platform:/plugin/org.emftext.language.java/metamodel/java.ecore#_Wo2ZQdz1Ed2bJ_pQViWxFg)
2025-04-23 15:59:06 WARN CORRUPT RULE: MethodClassParamTypeToParamTypehas nodes and/ or edges whose type is an unresolved proxy!
2025-04-23 15:59:06 WARN   - parameter__typeReference__typeReference_eMoflonEdge, org.eclipse.emf.ecore.impl.EReferenceImpl@1283ca23 (eProxyURI: platform:/plugin/org.emftext.language.java/metamodel/java.ecore#_Wo2ZQdz1Ed2bJ_pQViWxFg)
2025-04-23 15:59:06 WARN CORRUPT RULE: ClassPublicToPublichas nodes and/ or edges whose type is an unresolved proxy!
2025-04-23 15:59:06 WARN   - modifier, org.eclipse.emf.ecore.impl.EClassImpl@aa61e4e (eProxyURI: platform:/plugin/org.emftext.language.java/metamodel/java.ecore#_Wo2Ytdz1Ed2bJ_pQViWxFg)
2025-04-23 15:59:06 WARN CORRUPT RULE: MethodInterfaceParamTypeToParamTypehas nodes and/ or edges whose type is an unresolved proxy!
2025-04-23 15:59:06 WARN   - parameter__typeReference__typeReference_eMoflonEdge, org.eclipse.emf.ecore.impl.EReferenceImpl@7fe07361 (eProxyURI: platform:/plugin/org.emftext.language.java/metamodel/java.ecore#_Wo2ZQdz1Ed2bJ_pQViWxFg)
2025-04-23 15:59:06 WARN CORRUPT RULE: EnumProtectedToProtectedhas nodes and/ or edges whose type is an unresolved proxy!
2025-04-23 15:59:06 WARN   - modifier, org.eclipse.emf.ecore.impl.EClassImpl@4ef4f627 (eProxyURI: platform:/plugin/org.emftext.language.java/metamodel/java.ecore#_Wo2Yudz1Ed2bJ_pQViWxFg)
2025-04-23 15:59:06 WARN CORRUPT RULE: ConstructorClassParamTypeToParamTypehas nodes and/ or edges whose type is an unresolved proxy!
2025-04-23 15:59:06 WARN   - parameter__typeReference__typeReference_eMoflonEdge, org.eclipse.emf.ecore.impl.EReferenceImpl@32227215 (eProxyURI: platform:/plugin/org.emftext.language.java/metamodel/java.ecore#_Wo2ZQdz1Ed2bJ_pQViWxFg)
2025-04-23 15:59:06 WARN CORRUPT RULE: InterfaceProtectedToProtectedhas nodes and/ or edges whose type is an unresolved proxy!
2025-04-23 15:59:06 WARN   - modifier, org.eclipse.emf.ecore.impl.EClassImpl@79a201cf (eProxyURI: platform:/plugin/org.emftext.language.java/metamodel/java.ecore#_Wo2Yudz1Ed2bJ_pQViWxFg)
2025-04-23 15:59:06 INFO Pattern Conversion took 44.2726 ms
2025-04-23 15:59:06 INFO Starting SYNC
2025-04-23 15:59:06 WARN   LOADED MARKERS : 
    - 
2025-04-23 15:59:06 WARN No rule defined to cover the following change's type: [InsertEAttributeValue] AE=Package:3fbe503c, name=peketsch
2025-04-23 15:59:06 WARN No rule defined to cover the following change's type: [InsertEAttributeValue] AE=Class:3ab35b9c, name=kless
2025-04-23 15:59:06 WARN No rule defined to cover the following change's type: [InsertEAttributeValue] AE=Constructor:7741d346, name=constructer
2025-04-23 15:59:06 WARN No rule defined to cover the following change's type: [InsertEAttributeValue] AE=OrdinaryParameter:52454457, name=parrametr
2025-04-23 15:59:06 WARN No rule defined to cover the following change's type: [InsertEAttributeValue] AE=ClassMethod:4130a648, name=methed
2025-04-23 15:59:06 WARN No rule defined to cover the following change's type: [InsertEAttributeValue] AE=Field:18dd5ed3, name=myField
2025-04-23 15:59:06 INFO Pattern Matching took 20.6931 ms
2025-04-23 15:59:07 INFO Created elements: 18
2025-04-23 15:59:07 INFO Deleted elements: 0
2025-04-23 15:59:07 INFO Completed SYNC in: 239 ms
2025-04-23 15:59:07 DEBUG BENCHMARKLOGGER logs: 
2025-04-23 15:59:07 DEBUG BenchmarkLogger
[
  Total elements created .. 18
  Total elements deleted .. 0
  Total matches found ..... 17
  Total matches repaired .. 0
  Total matches revoked ... 0
  Total matches applied ... 8
]
2025-04-23 15:59:07 INFO VitruviusBackwardConversionTGGEngine::terminate called. We do not use this.
2025-04-23 15:59:07 DEBUG Add root to resource: org.eclipse.emf.ecore.xmi.impl.XMIResourceImpl@67f63d26 uri='target\Java2UmlEvaluationGoal1\testJavaMemberDeleted\uml_instance.model'
2025-04-23 15:59:07 INFO -- Added the following corrs: 
2025-04-23 15:59:07 INFO   - [CorrespondenceNode JavaAttributeToUmlProperty] SRC=Field:18dd5ed3, name=myField, TRG=Property:f723cdb, name=myField
2025-04-23 15:59:07 INFO   - [CorrespondenceNode JavaCompilationUnitToUmlModel] SRC=CompilationUnit:15d0d6c9, name=null, TRG=Model:79d7035, name=UML_MODEL
2025-04-23 15:59:07 INFO   - [CorrespondenceNode JavaClassifierToUmlClassifier] SRC=Class:3ab35b9c, name=kless, TRG=Class:17222c11, name=kless
2025-04-23 15:59:07 INFO   - [CorrespondenceNode JavaPackageToUmlPackage] SRC=Package:3fbe503c, name=peketsch, TRG=Package:1625789b, name=peketsch
2025-04-23 15:59:07 INFO   - [CorrespondenceNode JavaParameterToParameter] SRC=OrdinaryParameter:61ff6a49, name=null, TRG=Parameter:3c88191b, name=null
2025-04-23 15:59:07 INFO   - [CorrespondenceNode JavaConstructorToOperation] SRC=Constructor:7741d346, name=constructer, TRG=Operation:7e3236d, name=constructer
2025-04-23 15:59:07 INFO   - [CorrespondenceNode JavaMethodToOperation] SRC=ClassMethod:4130a648, name=methed, TRG=Operation:6ffd4c0d, name=methed
2025-04-23 15:59:07 INFO   - [CorrespondenceNode JavaParameterToParameter] SRC=OrdinaryParameter:52454457, name=parrametr, TRG=Parameter:38029686, name=parrametr
2025-04-23 15:59:07 DEBUG End recording virtual model
2025-04-23 15:59:07 DEBUG Propagated <input change> in [[http://www.emftext.org/java]] -> {[[http://www.eclipse.org/uml2/5.0.0/UML]]}
2025-04-23 15:59:07 DEBUG Propagated <input change> in [[http://www.emftext.org/java]] -> [[http://www.eclipse.org/uml2/5.0.0/UML]] -> {}
2025-04-23 15:59:07 DEBUG Propagated <input change> in [[http://www.emftext.org/java]] -> [[http://www.eclipse.org/uml2/5.0.0/UML]] -> {}
2025-04-23 15:59:07 DEBUG Start recording virtual model
2025-04-23 15:59:07 WARN propagateChange not implemented, use propagateChanges (with an s).
2025-04-23 15:59:07 WARN propagateChange not implemented, use propagateChanges (with an s).
2025-04-23 15:59:07 WARN propagateChange not implemented, use propagateChanges (with an s).
2025-04-23 15:59:07 WARN propagateChange not implemented, use propagateChanges (with an s).
2025-04-23 15:59:07 WARN propagateChange not implemented, use propagateChanges (with an s).
2025-04-23 15:59:07 WARN propagateChange not implemented, use propagateChanges (with an s).
2025-04-23 15:59:07 WARN propagateChange not implemented, use propagateChanges (with an s).
2025-04-23 15:59:07 WARN propagateChange not implemented, use propagateChanges (with an s).
2025-04-23 15:59:07 WARN propagateChange not implemented, use propagateChanges (with an s).
2025-04-23 15:59:07 WARN propagateChange not implemented, use propagateChanges (with an s).
2025-04-23 15:59:07 WARN propagateChange not implemented, use propagateChanges (with an s).
2025-04-23 15:59:07 WARN propagateChange not implemented, use propagateChanges (with an s).
2025-04-23 15:59:07 WARN propagateChange not implemented, use propagateChanges (with an s).
2025-04-23 15:59:07 WARN propagateChange not implemented, use propagateChanges (with an s).
2025-04-23 15:59:07 WARN propagateChange not implemented, use propagateChanges (with an s).
2025-04-23 15:59:07 WARN propagateChange not implemented, use propagateChanges (with an s).
2025-04-23 15:59:07 WARN propagateChange not implemented, use propagateChanges (with an s).
2025-04-23 15:59:07 WARN propagateChange not implemented, use propagateChanges (with an s).
2025-04-23 15:59:07 WARN propagateChange not implemented, use propagateChanges (with an s).
2025-04-23 15:59:07 WARN propagateChange not implemented, use propagateChanges (with an s).
2025-04-23 15:59:07 WARN propagateChange not implemented, use propagateChanges (with an s).
2025-04-23 15:59:07 WARN propagateChange not implemented, use propagateChanges (with an s).
2025-04-23 15:59:07 DEBUG End recording virtual model
2025-04-23 15:59:07 DEBUG Propagated <input change> in [[http://www.emftext.org/java]] -> {}
2025-04-23 15:59:07 DEBUG Saving all models of model repository for VSUM @target\Java2UmlEvaluationGoal1\testJavaMemberDeleted
2025-04-23 15:59:07 DEBUG Save resource: org.eclipse.emf.ecore.xmi.impl.XMIResourceImpl@67f63d26 uri='target\Java2UmlEvaluationGoal1\testJavaMemberDeleted\uml_instance.model'
2025-04-23 15:59:07 DEBUG Finished synchronizing change: TransactionalChangeImpl: [
	create Uuid(ord__HudbACBLEfCt_d1Q4dqckw)
	insert Uuid(ord__HudbACBLEfCt_d1Q4dqckw) at target\Java2UmlEvaluationGoal1\testJavaMemberDeleted\java_instance.model (index 0)
	Uuid(ord__HudbACBLEfCt_d1Q4dqckw).name = peketsch (was )
	create Uuid(ord__HudbASBLEfCt_d1Q4dqckw)
	Uuid(ord__HudbACBLEfCt_d1Q4dqckw).compilationUnits += Uuid(ord__HudbASBLEfCt_d1Q4dqckw) (index 0)
	create Uuid(ord__HueCECBLEfCt_d1Q4dqckw)
	Uuid(ord__HudbASBLEfCt_d1Q4dqckw).classifiers += Uuid(ord__HueCECBLEfCt_d1Q4dqckw) (index 0)
	Uuid(ord__HueCECBLEfCt_d1Q4dqckw).name = kless (was )
	create Uuid(ord__HueCESBLEfCt_d1Q4dqckw)
	Uuid(ord__HueCECBLEfCt_d1Q4dqckw).members += Uuid(ord__HueCESBLEfCt_d1Q4dqckw) (index 0)
	Uuid(ord__HueCESBLEfCt_d1Q4dqckw).name = constructer (was )
	create Uuid(ord__HueCEiBLEfCt_d1Q4dqckw)
	Uuid(ord__HueCESBLEfCt_d1Q4dqckw).parameters += Uuid(ord__HueCEiBLEfCt_d1Q4dqckw) (index 0)
	Uuid(ord__HueCEiBLEfCt_d1Q4dqckw).name = parrametr (was )
	create Uuid(ord__HueCEyBLEfCt_d1Q4dqckw)
	Uuid(ord__HueCECBLEfCt_d1Q4dqckw).members += Uuid(ord__HueCEyBLEfCt_d1Q4dqckw) (index 1)
	Uuid(ord__HueCEyBLEfCt_d1Q4dqckw).name = methed (was )
	create Uuid(ord__HueCFCBLEfCt_d1Q4dqckw)
	Uuid(ord__HueCEyBLEfCt_d1Q4dqckw).parameters += Uuid(ord__HueCFCBLEfCt_d1Q4dqckw) (index 0)
	create Uuid(ord__HuepICBLEfCt_d1Q4dqckw)
	Uuid(ord__HueCECBLEfCt_d1Q4dqckw).members += Uuid(ord__HuepICBLEfCt_d1Q4dqckw) (index 2)
	Uuid(ord__HuepICBLEfCt_d1Q4dqckw).name = myField (was )
]

2025-04-23 15:59:07 INFO Finished change propagation
2025-04-23 15:59:07 INFO Starting change propagation
2025-04-23 15:59:07 DEBUG Started synchronizing change: TransactionalChangeImpl: [
	Uuid(ord__HueCECBLEfCt_d1Q4dqckw).members -= Uuid(ord__HuepICBLEfCt_d1Q4dqckw) (index 2)
	delete Uuid(ord__HuepICBLEfCt_d1Q4dqckw)
]

2025-04-23 15:59:07 DEBUG Start recording virtual model
2025-04-23 15:59:07 INFO ------- Calling ibex -------
2025-04-23 15:59:07 INFO Resource found. Now trying to load resource platform:/resource/Java2Uml/instances/corr.xmi which is located at C:\Users\XPS-15\IdeaProjects\Vitruv-TGG-Integration-Test\vsum\..\eclipse-ibex-workspace/Java2Uml/instances/corr.xmi
2025-04-23 15:59:07 INFO Resource found. Now trying to load resource platform:/resource/Java2Uml/instances/protocol.xmi which is located at C:\Users\XPS-15\IdeaProjects\Vitruv-TGG-Integration-Test\vsum\..\eclipse-ibex-workspace/Java2Uml/instances/protocol.xmi
2025-04-23 15:59:07 WARN CORRUPT RULE: MethodAbstractToAbstracthas nodes and/ or edges whose type is an unresolved proxy!
2025-04-23 15:59:07 WARN   - modifier, org.eclipse.emf.ecore.impl.EClassImpl@4fea840f (eProxyURI: platform:/plugin/org.emftext.language.java/metamodel/java.ecore#_Wo2Yt9z1Ed2bJ_pQViWxFg)
2025-04-23 15:59:07 WARN CORRUPT RULE: MethodFinalToFinalhas nodes and/ or edges whose type is an unresolved proxy!
2025-04-23 15:59:07 WARN   - modifier, org.eclipse.emf.ecore.impl.EClassImpl@75e80a97 (eProxyURI: platform:/plugin/org.emftext.language.java/metamodel/java.ecore#_Wo2Yvdz1Ed2bJ_pQViWxFg)
2025-04-23 15:59:07 WARN CORRUPT RULE: ClassPublicToPublichas nodes and/ or edges whose type is an unresolved proxy!
2025-04-23 15:59:07 WARN   - modifier, org.eclipse.emf.ecore.impl.EClassImpl@1b8aaeab (eProxyURI: platform:/plugin/org.emftext.language.java/metamodel/java.ecore#_Wo2Ytdz1Ed2bJ_pQViWxFg)
2025-04-23 15:59:07 WARN CORRUPT RULE: ClassProtectedToProtectedhas nodes and/ or edges whose type is an unresolved proxy!
2025-04-23 15:59:07 WARN   - modifier, org.eclipse.emf.ecore.impl.EClassImpl@6812c8cc (eProxyURI: platform:/plugin/org.emftext.language.java/metamodel/java.ecore#_Wo2Yudz1Ed2bJ_pQViWxFg)
2025-04-23 15:59:07 WARN CORRUPT RULE: ConstructorEnumParamTypeToParamTypehas nodes and/ or edges whose type is an unresolved proxy!
2025-04-23 15:59:07 WARN   - parameter__typeReference__typeReference_eMoflonEdge, org.eclipse.emf.ecore.impl.EReferenceImpl@7a66c35a (eProxyURI: platform:/plugin/org.emftext.language.java/metamodel/java.ecore#_Wo2ZQdz1Ed2bJ_pQViWxFg)
2025-04-23 15:59:07 WARN CORRUPT RULE: MethodInterfaceParamTypeToParamTypehas nodes and/ or edges whose type is an unresolved proxy!
2025-04-23 15:59:07 WARN   - parameter__typeReference__typeReference_eMoflonEdge, org.eclipse.emf.ecore.impl.EReferenceImpl@73e4387 (eProxyURI: platform:/plugin/org.emftext.language.java/metamodel/java.ecore#_Wo2ZQdz1Ed2bJ_pQViWxFg)
2025-04-23 15:59:07 WARN CORRUPT RULE: InterfacePrivateToPrivatehas nodes and/ or edges whose type is an unresolved proxy!
2025-04-23 15:59:07 WARN   - modifier, org.eclipse.emf.ecore.impl.EClassImpl@4137aab0 (eProxyURI: platform:/plugin/org.emftext.language.java/metamodel/java.ecore#_Wo2Yu9z1Ed2bJ_pQViWxFg)
2025-04-23 15:59:07 WARN CORRUPT RULE: ConstructorClassParamTypeToParamTypehas nodes and/ or edges whose type is an unresolved proxy!
2025-04-23 15:59:07 WARN   - parameter__typeReference__typeReference_eMoflonEdge, org.eclipse.emf.ecore.impl.EReferenceImpl@682e422c (eProxyURI: platform:/plugin/org.emftext.language.java/metamodel/java.ecore#_Wo2ZQdz1Ed2bJ_pQViWxFg)
2025-04-23 15:59:07 WARN CORRUPT RULE: MethodEnumParamTypeToParamTypehas nodes and/ or edges whose type is an unresolved proxy!
2025-04-23 15:59:07 WARN   - parameter__typeReference__typeReference_eMoflonEdge, org.eclipse.emf.ecore.impl.EReferenceImpl@2726a511 (eProxyURI: platform:/plugin/org.emftext.language.java/metamodel/java.ecore#_Wo2ZQdz1Ed2bJ_pQViWxFg)
2025-04-23 15:59:07 WARN CORRUPT RULE: MethodEnumReturnTypeToReturnTypehas nodes and/ or edges whose type is an unresolved proxy!
2025-04-23 15:59:07 WARN   - javaMethod__typeReference__typeReference_eMoflonEdge, org.eclipse.emf.ecore.impl.EReferenceImpl@686cf8ad (eProxyURI: platform:/plugin/org.emftext.language.java/metamodel/java.ecore#_Wo2ZQdz1Ed2bJ_pQViWxFg)
2025-04-23 15:59:07 WARN CORRUPT RULE: InterfaceAbstractToAbstracthas nodes and/ or edges whose type is an unresolved proxy!
2025-04-23 15:59:07 WARN   - modifier, org.eclipse.emf.ecore.impl.EClassImpl@66e341e9 (eProxyURI: platform:/plugin/org.emftext.language.java/metamodel/java.ecore#_Wo2Yt9z1Ed2bJ_pQViWxFg)
2025-04-23 15:59:07 WARN CORRUPT RULE: EnumPublicToPublichas nodes and/ or edges whose type is an unresolved proxy!
2025-04-23 15:59:07 WARN   - modifier, org.eclipse.emf.ecore.impl.EClassImpl@546ed2a0 (eProxyURI: platform:/plugin/org.emftext.language.java/metamodel/java.ecore#_Wo2Ytdz1Ed2bJ_pQViWxFg)
2025-04-23 15:59:07 WARN CORRUPT RULE: InterfaceProtectedToProtectedhas nodes and/ or edges whose type is an unresolved proxy!
2025-04-23 15:59:07 WARN   - modifier, org.eclipse.emf.ecore.impl.EClassImpl@27ec8754 (eProxyURI: platform:/plugin/org.emftext.language.java/metamodel/java.ecore#_Wo2Yudz1Ed2bJ_pQViWxFg)
2025-04-23 15:59:07 WARN CORRUPT RULE: InterfaceAttributeTypeToPropertyTypehas nodes and/ or edges whose type is an unresolved proxy!
2025-04-23 15:59:07 WARN   - field__typeReference__typeReference_eMoflonEdge, org.eclipse.emf.ecore.impl.EReferenceImpl@19662208 (eProxyURI: platform:/plugin/org.emftext.language.java/metamodel/java.ecore#_Wo2ZQdz1Ed2bJ_pQViWxFg)
2025-04-23 15:59:07 WARN CORRUPT RULE: ConstructorInterfaceParamTypeToParamTypehas nodes and/ or edges whose type is an unresolved proxy!
2025-04-23 15:59:07 WARN   - parameter__typeReference__typeReference_eMoflonEdge, org.eclipse.emf.ecore.impl.EReferenceImpl@62f9c790 (eProxyURI: platform:/plugin/org.emftext.language.java/metamodel/java.ecore#_Wo2ZQdz1Ed2bJ_pQViWxFg)
2025-04-23 15:59:07 WARN CORRUPT RULE: FieldStaticToStatichas nodes and/ or edges whose type is an unresolved proxy!
2025-04-23 15:59:07 WARN   - modifier, org.eclipse.emf.ecore.impl.EClassImpl@93bf0e0 (eProxyURI: platform:/plugin/org.emftext.language.java/metamodel/java.ecore#_Wo2Yv9z1Ed2bJ_pQViWxFg)
2025-04-23 15:59:07 WARN CORRUPT RULE: MethodClassReturnTypeToReturnTypehas nodes and/ or edges whose type is an unresolved proxy!
2025-04-23 15:59:07 WARN   - javaMethod__typeReference__typeReference_eMoflonEdge, org.eclipse.emf.ecore.impl.EReferenceImpl@656842bc (eProxyURI: platform:/plugin/org.emftext.language.java/metamodel/java.ecore#_Wo2ZQdz1Ed2bJ_pQViWxFg)
2025-04-23 15:59:07 WARN CORRUPT RULE: MethodStaticToStatichas nodes and/ or edges whose type is an unresolved proxy!
2025-04-23 15:59:07 WARN   - modifier, org.eclipse.emf.ecore.impl.EClassImpl@3dec3f87 (eProxyURI: platform:/plugin/org.emftext.language.java/metamodel/java.ecore#_Wo2Yv9z1Ed2bJ_pQViWxFg)
2025-04-23 15:59:07 WARN CORRUPT RULE: InterfacePublicToPublichas nodes and/ or edges whose type is an unresolved proxy!
2025-04-23 15:59:07 WARN   - modifier, org.eclipse.emf.ecore.impl.EClassImpl@5dbab232 (eProxyURI: platform:/plugin/org.emftext.language.java/metamodel/java.ecore#_Wo2Ytdz1Ed2bJ_pQViWxFg)
2025-04-23 15:59:07 WARN CORRUPT RULE: ClassAttributeTypeToPropertyTypehas nodes and/ or edges whose type is an unresolved proxy!
2025-04-23 15:59:07 WARN   - field__typeReference__typeReference_eMoflonEdge, org.eclipse.emf.ecore.impl.EReferenceImpl@595f9916 (eProxyURI: platform:/plugin/org.emftext.language.java/metamodel/java.ecore#_Wo2ZQdz1Ed2bJ_pQViWxFg)
2025-04-23 15:59:07 WARN CORRUPT RULE: MethodInterfaceReturnTypeToReturnTypehas nodes and/ or edges whose type is an unresolved proxy!
2025-04-23 15:59:07 WARN   - javaMethod__typeReference__typeReference_eMoflonEdge, org.eclipse.emf.ecore.impl.EReferenceImpl@28768e25 (eProxyURI: platform:/plugin/org.emftext.language.java/metamodel/java.ecore#_Wo2ZQdz1Ed2bJ_pQViWxFg)
2025-04-23 15:59:07 WARN CORRUPT RULE: ClassPrivateToPrivatehas nodes and/ or edges whose type is an unresolved proxy!
2025-04-23 15:59:07 WARN   - modifier, org.eclipse.emf.ecore.impl.EClassImpl@143fefaf (eProxyURI: platform:/plugin/org.emftext.language.java/metamodel/java.ecore#_Wo2Yu9z1Ed2bJ_pQViWxFg)
2025-04-23 15:59:07 WARN CORRUPT RULE: FieldFinalToFinalhas nodes and/ or edges whose type is an unresolved proxy!
2025-04-23 15:59:07 WARN   - modifier, org.eclipse.emf.ecore.impl.EClassImpl@46468f0 (eProxyURI: platform:/plugin/org.emftext.language.java/metamodel/java.ecore#_Wo2Yvdz1Ed2bJ_pQViWxFg)
2025-04-23 15:59:07 WARN CORRUPT RULE: EnumAttributeTypeToPropertyTypehas nodes and/ or edges whose type is an unresolved proxy!
2025-04-23 15:59:07 WARN   - field__typeReference__typeReference_eMoflonEdge, org.eclipse.emf.ecore.impl.EReferenceImpl@34a6d9db (eProxyURI: platform:/plugin/org.emftext.language.java/metamodel/java.ecore#_Wo2ZQdz1Ed2bJ_pQViWxFg)
2025-04-23 15:59:07 WARN CORRUPT RULE: ClassAbstractToAbstracthas nodes and/ or edges whose type is an unresolved proxy!
2025-04-23 15:59:07 WARN   - modifier, org.eclipse.emf.ecore.impl.EClassImpl@756808cc (eProxyURI: platform:/plugin/org.emftext.language.java/metamodel/java.ecore#_Wo2Yt9z1Ed2bJ_pQViWxFg)
2025-04-23 15:59:07 WARN CORRUPT RULE: EnumProtectedToProtectedhas nodes and/ or edges whose type is an unresolved proxy!
2025-04-23 15:59:07 WARN   - modifier, org.eclipse.emf.ecore.impl.EClassImpl@5012c571 (eProxyURI: platform:/plugin/org.emftext.language.java/metamodel/java.ecore#_Wo2Yudz1Ed2bJ_pQViWxFg)
2025-04-23 15:59:07 WARN CORRUPT RULE: MethodClassParamTypeToParamTypehas nodes and/ or edges whose type is an unresolved proxy!
2025-04-23 15:59:07 WARN   - parameter__typeReference__typeReference_eMoflonEdge, org.eclipse.emf.ecore.impl.EReferenceImpl@511da44f (eProxyURI: platform:/plugin/org.emftext.language.java/metamodel/java.ecore#_Wo2ZQdz1Ed2bJ_pQViWxFg)
2025-04-23 15:59:07 WARN CORRUPT RULE: ClassFinalToFinalhas nodes and/ or edges whose type is an unresolved proxy!
2025-04-23 15:59:07 WARN   - modifier, org.eclipse.emf.ecore.impl.EClassImpl@3a0b6a (eProxyURI: platform:/plugin/org.emftext.language.java/metamodel/java.ecore#_Wo2Yvdz1Ed2bJ_pQViWxFg)
2025-04-23 15:59:07 WARN CORRUPT RULE: EnumAbstractToAbstracthas nodes and/ or edges whose type is an unresolved proxy!
2025-04-23 15:59:07 WARN   - modifier, org.eclipse.emf.ecore.impl.EClassImpl@6f1fa1d0 (eProxyURI: platform:/plugin/org.emftext.language.java/metamodel/java.ecore#_Wo2Yt9z1Ed2bJ_pQViWxFg)
2025-04-23 15:59:07 WARN CORRUPT RULE: InterfaceFinalToFinalhas nodes and/ or edges whose type is an unresolved proxy!
2025-04-23 15:59:07 WARN   - modifier, org.eclipse.emf.ecore.impl.EClassImpl@52ba685a (eProxyURI: platform:/plugin/org.emftext.language.java/metamodel/java.ecore#_Wo2Yvdz1Ed2bJ_pQViWxFg)
2025-04-23 15:59:07 WARN CORRUPT RULE: EnumFinalToFinalhas nodes and/ or edges whose type is an unresolved proxy!
2025-04-23 15:59:07 WARN   - modifier, org.eclipse.emf.ecore.impl.EClassImpl@71d55b7e (eProxyURI: platform:/plugin/org.emftext.language.java/metamodel/java.ecore#_Wo2Yvdz1Ed2bJ_pQViWxFg)
2025-04-23 15:59:07 WARN CORRUPT RULE: EnumPrivateToPrivatehas nodes and/ or edges whose type is an unresolved proxy!
2025-04-23 15:59:07 WARN   - modifier, org.eclipse.emf.ecore.impl.EClassImpl@28ee882c (eProxyURI: platform:/plugin/org.emftext.language.java/metamodel/java.ecore#_Wo2Yu9z1Ed2bJ_pQViWxFg)
2025-04-23 15:59:07 INFO Pattern Conversion took 35.177 ms
2025-04-23 15:59:07 INFO Starting SYNC
2025-04-23 15:59:07 INFO Object field not found. This must really be a broken match!
2025-04-23 15:59:07 WARN   LOADED MARKERS : 
    - [VitruviusConsistencyMatch] patternName=ClassToUmlClass__CONSISTENCY, type=CONSISTENCY, ruleName=ClassToUmlClass
    - [VitruviusConsistencyMatch] patternName=ClassAttributeToProperty__CONSISTENCY, type=CONSISTENCY, ruleName=ClassAttributeToProperty
    - [VitruviusConsistencyMatch] patternName=OrdinaryConstructorParameterToParameter__CONSISTENCY, type=CONSISTENCY, ruleName=OrdinaryConstructorParameterToParameter
    - [VitruviusConsistencyMatch] patternName=ClassConstructorToConstructor__CONSISTENCY, type=CONSISTENCY, ruleName=ClassConstructorToConstructor
    - [VitruviusConsistencyMatch] patternName=ClassMethodToMethod__CONSISTENCY, type=CONSISTENCY, ruleName=ClassMethodToMethod
    - [VitruviusConsistencyMatch] patternName=JavaFirstCompilationUnitToUmlModel__CONSISTENCY, type=CONSISTENCY, ruleName=JavaFirstCompilationUnitToUmlModel
    - [VitruviusConsistencyMatch] patternName=OrdinaryMethodParameterToParameter__CONSISTENCY, type=CONSISTENCY, ruleName=OrdinaryMethodParameterToParameter
    - [VitruviusConsistencyMatch] patternName=RootJavaPackageToUmlPackage__CONSISTENCY, type=CONSISTENCY, ruleName=RootJavaPackageToUmlPackage
2025-04-23 15:59:07 WARN No rule defined to cover the following change's type: [RemoveEReference] AE=Class:3ab35b9c, name=kless
2025-04-23 15:59:07 WARN No rule defined to cover the following change's type: [DeleteEObject] AE=Field:18dd5ed3, name=myField
2025-04-23 15:59:07 INFO Pattern Matching took 0.7746 ms
2025-04-23 15:59:07 INFO Object field not found. This must really be a broken match!
2025-04-23 15:59:07 WARN   handle breaking change: [RemoveEReference] AE=Class:3ab35b9c, name=kless
2025-04-23 15:59:08 INFO Object field not found. This must really be a broken match!
2025-04-23 15:59:08 WARN   handle breaking change: [RemoveEReference] AE=Class:3ab35b9c, name=kless
2025-04-23 15:59:08 INFO Object field not found. This must really be a broken match!
2025-04-23 15:59:08 WARN   handle breaking change: [RemoveEReference] AE=Class:3ab35b9c, name=kless
2025-04-23 15:59:08 INFO Object field not found. This must really be a broken match!
2025-04-23 15:59:08 WARN   handle breaking change: [RemoveEReference] AE=Class:3ab35b9c, name=kless
2025-04-23 15:59:08 WARN   handle breaking change: [RemoveEReference] AE=Class:3ab35b9c, name=kless
2025-04-23 15:59:08 WARN No rule defined to cover the following change's type: [RemoveEReference] AE=Class:3ab35b9c, name=kless
2025-04-23 15:59:08 WARN No rule defined to cover the following change's type: [DeleteEObject] AE=Field:18dd5ed3, name=myField
2025-04-23 15:59:08 WARN   handle breaking change: [RemoveEReference] AE=Class:3ab35b9c, name=kless
2025-04-23 15:59:08 INFO Created elements: 0
2025-04-23 15:59:08 INFO Deleted elements: 1
2025-04-23 15:59:08 INFO Completed SYNC in: 155 ms
2025-04-23 15:59:08 DEBUG BENCHMARKLOGGER logs: 
2025-04-23 15:59:08 DEBUG BenchmarkLogger
[
  Total elements created .. 0
  Total elements deleted .. 1
  Total matches found ..... 8
  Total matches repaired .. 0
  Total matches revoked ... 1
  Total matches applied ... 0
]
2025-04-23 15:59:08 INFO VitruviusBackwardConversionTGGEngine::terminate called. We do not use this.
2025-04-23 15:59:08 INFO --- No correspondences added.
2025-04-23 15:59:08 DEBUG End recording virtual model
2025-04-23 15:59:08 DEBUG Propagated <input change> in [[http://www.emftext.org/java]] -> {[[http://www.eclipse.org/uml2/5.0.0/UML]]}
2025-04-23 15:59:08 DEBUG Propagated <input change> in [[http://www.emftext.org/java]] -> [[http://www.eclipse.org/uml2/5.0.0/UML]] -> {}
2025-04-23 15:59:08 DEBUG Propagated <input change> in [[http://www.emftext.org/java]] -> [[http://www.eclipse.org/uml2/5.0.0/UML]] -> {}
2025-04-23 15:59:08 DEBUG Start recording virtual model
2025-04-23 15:59:08 WARN propagateChange not implemented, use propagateChanges (with an s).
2025-04-23 15:59:08 WARN propagateChange not implemented, use propagateChanges (with an s).
2025-04-23 15:59:08 DEBUG End recording virtual model
2025-04-23 15:59:08 DEBUG Propagated <input change> in [[http://www.emftext.org/java]] -> {}
2025-04-23 15:59:08 DEBUG Saving all models of model repository for VSUM @target\Java2UmlEvaluationGoal1\testJavaMemberDeleted
2025-04-23 15:59:08 DEBUG Save resource: org.eclipse.emf.ecore.xmi.impl.XMIResourceImpl@67f63d26 uri='target\Java2UmlEvaluationGoal1\testJavaMemberDeleted\uml_instance.model'
2025-04-23 15:59:08 DEBUG Finished synchronizing change: TransactionalChangeImpl: [
	Uuid(ord__HueCECBLEfCt_d1Q4dqckw).members -= Uuid(ord__HuepICBLEfCt_d1Q4dqckw) (index 2)
	delete Uuid(ord__HuepICBLEfCt_d1Q4dqckw)
]

2025-04-23 15:59:08 INFO Finished change propagation
assertChildMatches for StrucFeatExpectation [StrucFeatExpectation] packagedElement
assertChildMatches for StrucFeatExpectation [StrucFeatExpectation] ownedOperation
]]></system-out>
  </testcase>
  <testcase name="testJavaNamedElementRenamed" classname="tools.vitruv.methodologisttemplate.vsum.Java2UmlEvaluationGoal1Test" time="1.335">
    <system-out><![CDATA[2025-04-23 15:59:08 INFO eclipse-ibex-workspace: C:\Users\XPS-15\IdeaProjects\Vitruv-TGG-Integration-Test\vsum\..\eclipse-ibex-workspace\Java2Uml
2025-04-23 15:59:08 INFO setupCorrAndProtocol: Wiping corr.xmi and protocol.xmi
2025-04-23 15:59:08 INFO setupCorrAndProtocol: Wiping corr.xmi and protocol.xmi
2025-04-23 15:59:08 INFO Starting change propagation
2025-04-23 15:59:08 DEBUG Started synchronizing change: TransactionalChangeImpl: [
	create Uuid(ord__ICTkECBLEfCt_d1Q4dqckw)
	insert Uuid(ord__ICTkECBLEfCt_d1Q4dqckw) at target\Java2UmlEvaluationGoal1\testJavaNamedElementRenamed\java_instance.model (index 0)
	Uuid(ord__ICTkECBLEfCt_d1Q4dqckw).name = peketsch (was )
	create Uuid(ord__ICTkESBLEfCt_d1Q4dqckw)
	Uuid(ord__ICTkECBLEfCt_d1Q4dqckw).compilationUnits += Uuid(ord__ICTkESBLEfCt_d1Q4dqckw) (index 0)
	create Uuid(ord__ICTkEiBLEfCt_d1Q4dqckw)
	Uuid(ord__ICTkESBLEfCt_d1Q4dqckw).classifiers += Uuid(ord__ICTkEiBLEfCt_d1Q4dqckw) (index 0)
	Uuid(ord__ICTkEiBLEfCt_d1Q4dqckw).name = kless (was )
	create Uuid(ord__ICTkEyBLEfCt_d1Q4dqckw)
	Uuid(ord__ICTkEiBLEfCt_d1Q4dqckw).members += Uuid(ord__ICTkEyBLEfCt_d1Q4dqckw) (index 0)
	Uuid(ord__ICTkEyBLEfCt_d1Q4dqckw).name = constructer (was )
	create Uuid(ord__ICTkFCBLEfCt_d1Q4dqckw)
	Uuid(ord__ICTkEyBLEfCt_d1Q4dqckw).parameters += Uuid(ord__ICTkFCBLEfCt_d1Q4dqckw) (index 0)
	Uuid(ord__ICTkFCBLEfCt_d1Q4dqckw).name = parrametr (was )
	create Uuid(ord__ICULICBLEfCt_d1Q4dqckw)
	Uuid(ord__ICTkEiBLEfCt_d1Q4dqckw).members += Uuid(ord__ICULICBLEfCt_d1Q4dqckw) (index 1)
	Uuid(ord__ICULICBLEfCt_d1Q4dqckw).name = methed (was )
	create Uuid(ord__ICULISBLEfCt_d1Q4dqckw)
	Uuid(ord__ICULICBLEfCt_d1Q4dqckw).parameters += Uuid(ord__ICULISBLEfCt_d1Q4dqckw) (index 0)
	create Uuid(ord__ICULIiBLEfCt_d1Q4dqckw)
	Uuid(ord__ICTkEiBLEfCt_d1Q4dqckw).members += Uuid(ord__ICULIiBLEfCt_d1Q4dqckw) (index 2)
	Uuid(ord__ICULIiBLEfCt_d1Q4dqckw).name = myField (was )
]

2025-04-23 15:59:08 DEBUG Create model instance for resource with URI: target\Java2UmlEvaluationGoal1\testJavaNamedElementRenamed\java_instance.model
2025-04-23 15:59:08 DEBUG Start recording virtual model
2025-04-23 15:59:08 INFO ------- Calling ibex -------
2025-04-23 15:59:08 INFO Source Model has no respective target model yet. Creating one.
2025-04-23 15:59:08 DEBUG Create model instance for resource with URI: target\Java2UmlEvaluationGoal1\testJavaNamedElementRenamed\uml_instance.model
2025-04-23 15:59:08 INFO Resource not found. Not loading. Path=C:\Users\XPS-15\IdeaProjects\Vitruv-TGG-Integration-Test\vsum\..\eclipse-ibex-workspace/Java2Uml/instances/corr.xmi
2025-04-23 15:59:08 INFO Resource not found. Not loading. Path=C:\Users\XPS-15\IdeaProjects\Vitruv-TGG-Integration-Test\vsum\..\eclipse-ibex-workspace/Java2Uml/instances/protocol.xmi
2025-04-23 15:59:08 WARN CORRUPT RULE: EnumProtectedToProtectedhas nodes and/ or edges whose type is an unresolved proxy!
2025-04-23 15:59:08 WARN   - modifier, org.eclipse.emf.ecore.impl.EClassImpl@38de5daf (eProxyURI: platform:/plugin/org.emftext.language.java/metamodel/java.ecore#_Wo2Yudz1Ed2bJ_pQViWxFg)
2025-04-23 15:59:08 WARN CORRUPT RULE: ConstructorClassParamTypeToParamTypehas nodes and/ or edges whose type is an unresolved proxy!
2025-04-23 15:59:08 WARN   - parameter__typeReference__typeReference_eMoflonEdge, org.eclipse.emf.ecore.impl.EReferenceImpl@7523d5a1 (eProxyURI: platform:/plugin/org.emftext.language.java/metamodel/java.ecore#_Wo2ZQdz1Ed2bJ_pQViWxFg)
2025-04-23 15:59:08 WARN CORRUPT RULE: ClassFinalToFinalhas nodes and/ or edges whose type is an unresolved proxy!
2025-04-23 15:59:08 WARN   - modifier, org.eclipse.emf.ecore.impl.EClassImpl@61853c7e (eProxyURI: platform:/plugin/org.emftext.language.java/metamodel/java.ecore#_Wo2Yvdz1Ed2bJ_pQViWxFg)
2025-04-23 15:59:08 WARN CORRUPT RULE: FieldFinalToFinalhas nodes and/ or edges whose type is an unresolved proxy!
2025-04-23 15:59:08 WARN   - modifier, org.eclipse.emf.ecore.impl.EClassImpl@5980fa73 (eProxyURI: platform:/plugin/org.emftext.language.java/metamodel/java.ecore#_Wo2Yvdz1Ed2bJ_pQViWxFg)
2025-04-23 15:59:08 WARN CORRUPT RULE: InterfaceFinalToFinalhas nodes and/ or edges whose type is an unresolved proxy!
2025-04-23 15:59:08 WARN   - modifier, org.eclipse.emf.ecore.impl.EClassImpl@5be4be74 (eProxyURI: platform:/plugin/org.emftext.language.java/metamodel/java.ecore#_Wo2Yvdz1Ed2bJ_pQViWxFg)
2025-04-23 15:59:08 WARN CORRUPT RULE: MethodFinalToFinalhas nodes and/ or edges whose type is an unresolved proxy!
2025-04-23 15:59:08 WARN   - modifier, org.eclipse.emf.ecore.impl.EClassImpl@1ae924f1 (eProxyURI: platform:/plugin/org.emftext.language.java/metamodel/java.ecore#_Wo2Yvdz1Ed2bJ_pQViWxFg)
2025-04-23 15:59:08 WARN CORRUPT RULE: MethodEnumReturnTypeToReturnTypehas nodes and/ or edges whose type is an unresolved proxy!
2025-04-23 15:59:08 WARN   - javaMethod__typeReference__typeReference_eMoflonEdge, org.eclipse.emf.ecore.impl.EReferenceImpl@27bcb4ad (eProxyURI: platform:/plugin/org.emftext.language.java/metamodel/java.ecore#_Wo2ZQdz1Ed2bJ_pQViWxFg)
2025-04-23 15:59:08 WARN CORRUPT RULE: ClassPublicToPublichas nodes and/ or edges whose type is an unresolved proxy!
2025-04-23 15:59:08 WARN   - modifier, org.eclipse.emf.ecore.impl.EClassImpl@104a287c (eProxyURI: platform:/plugin/org.emftext.language.java/metamodel/java.ecore#_Wo2Ytdz1Ed2bJ_pQViWxFg)
2025-04-23 15:59:08 WARN CORRUPT RULE: InterfaceAttributeTypeToPropertyTypehas nodes and/ or edges whose type is an unresolved proxy!
2025-04-23 15:59:08 WARN   - field__typeReference__typeReference_eMoflonEdge, org.eclipse.emf.ecore.impl.EReferenceImpl@26874f2c (eProxyURI: platform:/plugin/org.emftext.language.java/metamodel/java.ecore#_Wo2ZQdz1Ed2bJ_pQViWxFg)
2025-04-23 15:59:08 WARN CORRUPT RULE: MethodInterfaceParamTypeToParamTypehas nodes and/ or edges whose type is an unresolved proxy!
2025-04-23 15:59:08 WARN   - parameter__typeReference__typeReference_eMoflonEdge, org.eclipse.emf.ecore.impl.EReferenceImpl@1e734eee (eProxyURI: platform:/plugin/org.emftext.language.java/metamodel/java.ecore#_Wo2ZQdz1Ed2bJ_pQViWxFg)
2025-04-23 15:59:08 WARN CORRUPT RULE: EnumPrivateToPrivatehas nodes and/ or edges whose type is an unresolved proxy!
2025-04-23 15:59:08 WARN   - modifier, org.eclipse.emf.ecore.impl.EClassImpl@2fbd390 (eProxyURI: platform:/plugin/org.emftext.language.java/metamodel/java.ecore#_Wo2Yu9z1Ed2bJ_pQViWxFg)
2025-04-23 15:59:08 WARN CORRUPT RULE: ClassAttributeTypeToPropertyTypehas nodes and/ or edges whose type is an unresolved proxy!
2025-04-23 15:59:08 WARN   - field__typeReference__typeReference_eMoflonEdge, org.eclipse.emf.ecore.impl.EReferenceImpl@5e68be2 (eProxyURI: platform:/plugin/org.emftext.language.java/metamodel/java.ecore#_Wo2ZQdz1Ed2bJ_pQViWxFg)
2025-04-23 15:59:08 WARN CORRUPT RULE: MethodEnumParamTypeToParamTypehas nodes and/ or edges whose type is an unresolved proxy!
2025-04-23 15:59:08 WARN   - parameter__typeReference__typeReference_eMoflonEdge, org.eclipse.emf.ecore.impl.EReferenceImpl@f18b738 (eProxyURI: platform:/plugin/org.emftext.language.java/metamodel/java.ecore#_Wo2ZQdz1Ed2bJ_pQViWxFg)
2025-04-23 15:59:08 WARN CORRUPT RULE: ClassAbstractToAbstracthas nodes and/ or edges whose type is an unresolved proxy!
2025-04-23 15:59:08 WARN   - modifier, org.eclipse.emf.ecore.impl.EClassImpl@aca3c85 (eProxyURI: platform:/plugin/org.emftext.language.java/metamodel/java.ecore#_Wo2Yt9z1Ed2bJ_pQViWxFg)
2025-04-23 15:59:08 WARN CORRUPT RULE: InterfaceAbstractToAbstracthas nodes and/ or edges whose type is an unresolved proxy!
2025-04-23 15:59:08 WARN   - modifier, org.eclipse.emf.ecore.impl.EClassImpl@f017dd0 (eProxyURI: platform:/plugin/org.emftext.language.java/metamodel/java.ecore#_Wo2Yt9z1Ed2bJ_pQViWxFg)
2025-04-23 15:59:08 WARN CORRUPT RULE: MethodInterfaceReturnTypeToReturnTypehas nodes and/ or edges whose type is an unresolved proxy!
2025-04-23 15:59:08 WARN   - javaMethod__typeReference__typeReference_eMoflonEdge, org.eclipse.emf.ecore.impl.EReferenceImpl@7f51f588 (eProxyURI: platform:/plugin/org.emftext.language.java/metamodel/java.ecore#_Wo2ZQdz1Ed2bJ_pQViWxFg)
2025-04-23 15:59:08 WARN CORRUPT RULE: InterfacePublicToPublichas nodes and/ or edges whose type is an unresolved proxy!
2025-04-23 15:59:08 WARN   - modifier, org.eclipse.emf.ecore.impl.EClassImpl@6bd92538 (eProxyURI: platform:/plugin/org.emftext.language.java/metamodel/java.ecore#_Wo2Ytdz1Ed2bJ_pQViWxFg)
2025-04-23 15:59:08 WARN CORRUPT RULE: EnumAbstractToAbstracthas nodes and/ or edges whose type is an unresolved proxy!
2025-04-23 15:59:08 WARN   - modifier, org.eclipse.emf.ecore.impl.EClassImpl@19ae36f4 (eProxyURI: platform:/plugin/org.emftext.language.java/metamodel/java.ecore#_Wo2Yt9z1Ed2bJ_pQViWxFg)
2025-04-23 15:59:08 WARN CORRUPT RULE: MethodClassParamTypeToParamTypehas nodes and/ or edges whose type is an unresolved proxy!
2025-04-23 15:59:08 WARN   - parameter__typeReference__typeReference_eMoflonEdge, org.eclipse.emf.ecore.impl.EReferenceImpl@4567fb2b (eProxyURI: platform:/plugin/org.emftext.language.java/metamodel/java.ecore#_Wo2ZQdz1Ed2bJ_pQViWxFg)
2025-04-23 15:59:08 WARN CORRUPT RULE: EnumAttributeTypeToPropertyTypehas nodes and/ or edges whose type is an unresolved proxy!
2025-04-23 15:59:08 WARN   - field__typeReference__typeReference_eMoflonEdge, org.eclipse.emf.ecore.impl.EReferenceImpl@5fd8dd66 (eProxyURI: platform:/plugin/org.emftext.language.java/metamodel/java.ecore#_Wo2ZQdz1Ed2bJ_pQViWxFg)
2025-04-23 15:59:08 WARN CORRUPT RULE: ClassPrivateToPrivatehas nodes and/ or edges whose type is an unresolved proxy!
2025-04-23 15:59:08 WARN   - modifier, org.eclipse.emf.ecore.impl.EClassImpl@6df11e91 (eProxyURI: platform:/plugin/org.emftext.language.java/metamodel/java.ecore#_Wo2Yu9z1Ed2bJ_pQViWxFg)
2025-04-23 15:59:08 WARN CORRUPT RULE: EnumFinalToFinalhas nodes and/ or edges whose type is an unresolved proxy!
2025-04-23 15:59:08 WARN   - modifier, org.eclipse.emf.ecore.impl.EClassImpl@9281d19 (eProxyURI: platform:/plugin/org.emftext.language.java/metamodel/java.ecore#_Wo2Yvdz1Ed2bJ_pQViWxFg)
2025-04-23 15:59:08 WARN CORRUPT RULE: MethodAbstractToAbstracthas nodes and/ or edges whose type is an unresolved proxy!
2025-04-23 15:59:08 WARN   - modifier, org.eclipse.emf.ecore.impl.EClassImpl@53cddaf8 (eProxyURI: platform:/plugin/org.emftext.language.java/metamodel/java.ecore#_Wo2Yt9z1Ed2bJ_pQViWxFg)
2025-04-23 15:59:08 WARN CORRUPT RULE: ClassProtectedToProtectedhas nodes and/ or edges whose type is an unresolved proxy!
2025-04-23 15:59:08 WARN   - modifier, org.eclipse.emf.ecore.impl.EClassImpl@1ccc1026 (eProxyURI: platform:/plugin/org.emftext.language.java/metamodel/java.ecore#_Wo2Yudz1Ed2bJ_pQViWxFg)
2025-04-23 15:59:08 WARN CORRUPT RULE: ConstructorInterfaceParamTypeToParamTypehas nodes and/ or edges whose type is an unresolved proxy!
2025-04-23 15:59:08 WARN   - parameter__typeReference__typeReference_eMoflonEdge, org.eclipse.emf.ecore.impl.EReferenceImpl@7de35070 (eProxyURI: platform:/plugin/org.emftext.language.java/metamodel/java.ecore#_Wo2ZQdz1Ed2bJ_pQViWxFg)
2025-04-23 15:59:08 WARN CORRUPT RULE: InterfacePrivateToPrivatehas nodes and/ or edges whose type is an unresolved proxy!
2025-04-23 15:59:08 WARN   - modifier, org.eclipse.emf.ecore.impl.EClassImpl@7c901203 (eProxyURI: platform:/plugin/org.emftext.language.java/metamodel/java.ecore#_Wo2Yu9z1Ed2bJ_pQViWxFg)
2025-04-23 15:59:08 WARN CORRUPT RULE: FieldStaticToStatichas nodes and/ or edges whose type is an unresolved proxy!
2025-04-23 15:59:08 WARN   - modifier, org.eclipse.emf.ecore.impl.EClassImpl@79f5a6ed (eProxyURI: platform:/plugin/org.emftext.language.java/metamodel/java.ecore#_Wo2Yv9z1Ed2bJ_pQViWxFg)
2025-04-23 15:59:08 WARN CORRUPT RULE: EnumPublicToPublichas nodes and/ or edges whose type is an unresolved proxy!
2025-04-23 15:59:08 WARN   - modifier, org.eclipse.emf.ecore.impl.EClassImpl@edb83f8 (eProxyURI: platform:/plugin/org.emftext.language.java/metamodel/java.ecore#_Wo2Ytdz1Ed2bJ_pQViWxFg)
2025-04-23 15:59:08 WARN CORRUPT RULE: MethodClassReturnTypeToReturnTypehas nodes and/ or edges whose type is an unresolved proxy!
2025-04-23 15:59:08 WARN   - javaMethod__typeReference__typeReference_eMoflonEdge, org.eclipse.emf.ecore.impl.EReferenceImpl@541d4d9f (eProxyURI: platform:/plugin/org.emftext.language.java/metamodel/java.ecore#_Wo2ZQdz1Ed2bJ_pQViWxFg)
2025-04-23 15:59:08 WARN CORRUPT RULE: InterfaceProtectedToProtectedhas nodes and/ or edges whose type is an unresolved proxy!
2025-04-23 15:59:08 WARN   - modifier, org.eclipse.emf.ecore.impl.EClassImpl@48dff674 (eProxyURI: platform:/plugin/org.emftext.language.java/metamodel/java.ecore#_Wo2Yudz1Ed2bJ_pQViWxFg)
2025-04-23 15:59:08 WARN CORRUPT RULE: MethodStaticToStatichas nodes and/ or edges whose type is an unresolved proxy!
2025-04-23 15:59:08 WARN   - modifier, org.eclipse.emf.ecore.impl.EClassImpl@2ccc9681 (eProxyURI: platform:/plugin/org.emftext.language.java/metamodel/java.ecore#_Wo2Yv9z1Ed2bJ_pQViWxFg)
2025-04-23 15:59:08 WARN CORRUPT RULE: ConstructorEnumParamTypeToParamTypehas nodes and/ or edges whose type is an unresolved proxy!
2025-04-23 15:59:08 WARN   - parameter__typeReference__typeReference_eMoflonEdge, org.eclipse.emf.ecore.impl.EReferenceImpl@4a9b3956 (eProxyURI: platform:/plugin/org.emftext.language.java/metamodel/java.ecore#_Wo2ZQdz1Ed2bJ_pQViWxFg)
2025-04-23 15:59:08 INFO Pattern Conversion took 34.1536 ms
2025-04-23 15:59:08 INFO Starting SYNC
2025-04-23 15:59:08 WARN   LOADED MARKERS : 
    - 
2025-04-23 15:59:08 WARN No rule defined to cover the following change's type: [InsertEAttributeValue] AE=Package:1d91fa02, name=peketsch
2025-04-23 15:59:08 WARN No rule defined to cover the following change's type: [InsertEAttributeValue] AE=Class:9e30f9a, name=kless
2025-04-23 15:59:08 WARN No rule defined to cover the following change's type: [InsertEAttributeValue] AE=Constructor:1b30a54e, name=constructer
2025-04-23 15:59:08 WARN No rule defined to cover the following change's type: [InsertEAttributeValue] AE=OrdinaryParameter:26275b46, name=parrametr
2025-04-23 15:59:08 WARN No rule defined to cover the following change's type: [InsertEAttributeValue] AE=ClassMethod:3e9beef2, name=methed
2025-04-23 15:59:08 WARN No rule defined to cover the following change's type: [InsertEAttributeValue] AE=Field:3111631d, name=myField
2025-04-23 15:59:08 INFO Pattern Matching took 16.7289 ms
2025-04-23 15:59:08 INFO Created elements: 18
2025-04-23 15:59:08 INFO Deleted elements: 0
2025-04-23 15:59:08 INFO Completed SYNC in: 125 ms
2025-04-23 15:59:08 DEBUG BENCHMARKLOGGER logs: 
2025-04-23 15:59:08 DEBUG BenchmarkLogger
[
  Total elements created .. 18
  Total elements deleted .. 0
  Total matches found ..... 15
  Total matches repaired .. 0
  Total matches revoked ... 0
  Total matches applied ... 8
]
2025-04-23 15:59:08 INFO VitruviusBackwardConversionTGGEngine::terminate called. We do not use this.
2025-04-23 15:59:08 DEBUG Add root to resource: org.eclipse.emf.ecore.xmi.impl.XMIResourceImpl@6af78a48 uri='target\Java2UmlEvaluationGoal1\testJavaNamedElementRenamed\uml_instance.model'
2025-04-23 15:59:08 INFO -- Added the following corrs: 
2025-04-23 15:59:08 INFO   - [CorrespondenceNode JavaMethodToOperation] SRC=ClassMethod:3e9beef2, name=methed, TRG=Operation:388f1258, name=methed
2025-04-23 15:59:08 INFO   - [CorrespondenceNode JavaParameterToParameter] SRC=OrdinaryParameter:2f15a964, name=null, TRG=Parameter:590013c7, name=null
2025-04-23 15:59:08 INFO   - [CorrespondenceNode JavaParameterToParameter] SRC=OrdinaryParameter:26275b46, name=parrametr, TRG=Parameter:2fee69a1, name=parrametr
2025-04-23 15:59:08 INFO   - [CorrespondenceNode JavaPackageToUmlPackage] SRC=Package:1d91fa02, name=peketsch, TRG=Package:1f179f51, name=peketsch
2025-04-23 15:59:08 INFO   - [CorrespondenceNode JavaConstructorToOperation] SRC=Constructor:1b30a54e, name=constructer, TRG=Operation:710ae6a7, name=constructer
2025-04-23 15:59:08 INFO   - [CorrespondenceNode JavaAttributeToUmlProperty] SRC=Field:3111631d, name=myField, TRG=Property:37b1149b, name=myField
2025-04-23 15:59:08 INFO   - [CorrespondenceNode JavaCompilationUnitToUmlModel] SRC=CompilationUnit:414b2df5, name=null, TRG=Model:7babed9e, name=UML_MODEL
2025-04-23 15:59:08 INFO   - [CorrespondenceNode JavaClassifierToUmlClassifier] SRC=Class:9e30f9a, name=kless, TRG=Class:45dde6ac, name=kless
2025-04-23 15:59:08 DEBUG End recording virtual model
2025-04-23 15:59:08 DEBUG Propagated <input change> in [[http://www.emftext.org/java]] -> {[[http://www.eclipse.org/uml2/5.0.0/UML]]}
2025-04-23 15:59:08 DEBUG Propagated <input change> in [[http://www.emftext.org/java]] -> [[http://www.eclipse.org/uml2/5.0.0/UML]] -> {}
2025-04-23 15:59:08 DEBUG Propagated <input change> in [[http://www.emftext.org/java]] -> [[http://www.eclipse.org/uml2/5.0.0/UML]] -> {}
2025-04-23 15:59:08 DEBUG Start recording virtual model
2025-04-23 15:59:08 WARN propagateChange not implemented, use propagateChanges (with an s).
2025-04-23 15:59:08 WARN propagateChange not implemented, use propagateChanges (with an s).
2025-04-23 15:59:08 WARN propagateChange not implemented, use propagateChanges (with an s).
2025-04-23 15:59:08 WARN propagateChange not implemented, use propagateChanges (with an s).
2025-04-23 15:59:08 WARN propagateChange not implemented, use propagateChanges (with an s).
2025-04-23 15:59:08 WARN propagateChange not implemented, use propagateChanges (with an s).
2025-04-23 15:59:08 WARN propagateChange not implemented, use propagateChanges (with an s).
2025-04-23 15:59:08 WARN propagateChange not implemented, use propagateChanges (with an s).
2025-04-23 15:59:08 WARN propagateChange not implemented, use propagateChanges (with an s).
2025-04-23 15:59:08 WARN propagateChange not implemented, use propagateChanges (with an s).
2025-04-23 15:59:08 WARN propagateChange not implemented, use propagateChanges (with an s).
2025-04-23 15:59:08 WARN propagateChange not implemented, use propagateChanges (with an s).
2025-04-23 15:59:08 WARN propagateChange not implemented, use propagateChanges (with an s).
2025-04-23 15:59:08 WARN propagateChange not implemented, use propagateChanges (with an s).
2025-04-23 15:59:08 WARN propagateChange not implemented, use propagateChanges (with an s).
2025-04-23 15:59:08 WARN propagateChange not implemented, use propagateChanges (with an s).
2025-04-23 15:59:08 WARN propagateChange not implemented, use propagateChanges (with an s).
2025-04-23 15:59:08 WARN propagateChange not implemented, use propagateChanges (with an s).
2025-04-23 15:59:08 WARN propagateChange not implemented, use propagateChanges (with an s).
2025-04-23 15:59:08 WARN propagateChange not implemented, use propagateChanges (with an s).
2025-04-23 15:59:08 WARN propagateChange not implemented, use propagateChanges (with an s).
2025-04-23 15:59:08 WARN propagateChange not implemented, use propagateChanges (with an s).
2025-04-23 15:59:08 DEBUG End recording virtual model
2025-04-23 15:59:08 DEBUG Propagated <input change> in [[http://www.emftext.org/java]] -> {}
2025-04-23 15:59:08 DEBUG Saving all models of model repository for VSUM @target\Java2UmlEvaluationGoal1\testJavaNamedElementRenamed
2025-04-23 15:59:08 DEBUG Save resource: org.eclipse.emf.ecore.xmi.impl.XMIResourceImpl@6af78a48 uri='target\Java2UmlEvaluationGoal1\testJavaNamedElementRenamed\uml_instance.model'
2025-04-23 15:59:08 DEBUG Finished synchronizing change: TransactionalChangeImpl: [
	create Uuid(ord__ICTkECBLEfCt_d1Q4dqckw)
	insert Uuid(ord__ICTkECBLEfCt_d1Q4dqckw) at target\Java2UmlEvaluationGoal1\testJavaNamedElementRenamed\java_instance.model (index 0)
	Uuid(ord__ICTkECBLEfCt_d1Q4dqckw).name = peketsch (was )
	create Uuid(ord__ICTkESBLEfCt_d1Q4dqckw)
	Uuid(ord__ICTkECBLEfCt_d1Q4dqckw).compilationUnits += Uuid(ord__ICTkESBLEfCt_d1Q4dqckw) (index 0)
	create Uuid(ord__ICTkEiBLEfCt_d1Q4dqckw)
	Uuid(ord__ICTkESBLEfCt_d1Q4dqckw).classifiers += Uuid(ord__ICTkEiBLEfCt_d1Q4dqckw) (index 0)
	Uuid(ord__ICTkEiBLEfCt_d1Q4dqckw).name = kless (was )
	create Uuid(ord__ICTkEyBLEfCt_d1Q4dqckw)
	Uuid(ord__ICTkEiBLEfCt_d1Q4dqckw).members += Uuid(ord__ICTkEyBLEfCt_d1Q4dqckw) (index 0)
	Uuid(ord__ICTkEyBLEfCt_d1Q4dqckw).name = constructer (was )
	create Uuid(ord__ICTkFCBLEfCt_d1Q4dqckw)
	Uuid(ord__ICTkEyBLEfCt_d1Q4dqckw).parameters += Uuid(ord__ICTkFCBLEfCt_d1Q4dqckw) (index 0)
	Uuid(ord__ICTkFCBLEfCt_d1Q4dqckw).name = parrametr (was )
	create Uuid(ord__ICULICBLEfCt_d1Q4dqckw)
	Uuid(ord__ICTkEiBLEfCt_d1Q4dqckw).members += Uuid(ord__ICULICBLEfCt_d1Q4dqckw) (index 1)
	Uuid(ord__ICULICBLEfCt_d1Q4dqckw).name = methed (was )
	create Uuid(ord__ICULISBLEfCt_d1Q4dqckw)
	Uuid(ord__ICULICBLEfCt_d1Q4dqckw).parameters += Uuid(ord__ICULISBLEfCt_d1Q4dqckw) (index 0)
	create Uuid(ord__ICULIiBLEfCt_d1Q4dqckw)
	Uuid(ord__ICTkEiBLEfCt_d1Q4dqckw).members += Uuid(ord__ICULIiBLEfCt_d1Q4dqckw) (index 2)
	Uuid(ord__ICULIiBLEfCt_d1Q4dqckw).name = myField (was )
]

2025-04-23 15:59:08 INFO Finished change propagation
2025-04-23 15:59:08 INFO Starting change propagation
2025-04-23 15:59:08 DEBUG Started synchronizing change: TransactionalChangeImpl: [
	Uuid(ord__ICTkEiBLEfCt_d1Q4dqckw).name = kless_new_name (was kless)
	Uuid(ord__ICTkFCBLEfCt_d1Q4dqckw).name = parrametr_new_name (was parrametr)
]

2025-04-23 15:59:08 DEBUG Start recording virtual model
2025-04-23 15:59:08 INFO ------- Calling ibex -------
2025-04-23 15:59:09 INFO Resource found. Now trying to load resource platform:/resource/Java2Uml/instances/corr.xmi which is located at C:\Users\XPS-15\IdeaProjects\Vitruv-TGG-Integration-Test\vsum\..\eclipse-ibex-workspace/Java2Uml/instances/corr.xmi
2025-04-23 15:59:09 INFO Resource found. Now trying to load resource platform:/resource/Java2Uml/instances/protocol.xmi which is located at C:\Users\XPS-15\IdeaProjects\Vitruv-TGG-Integration-Test\vsum\..\eclipse-ibex-workspace/Java2Uml/instances/protocol.xmi
2025-04-23 15:59:09 WARN CORRUPT RULE: MethodClassReturnTypeToReturnTypehas nodes and/ or edges whose type is an unresolved proxy!
2025-04-23 15:59:09 WARN   - javaMethod__typeReference__typeReference_eMoflonEdge, org.eclipse.emf.ecore.impl.EReferenceImpl@395a573c (eProxyURI: platform:/plugin/org.emftext.language.java/metamodel/java.ecore#_Wo2ZQdz1Ed2bJ_pQViWxFg)
2025-04-23 15:59:09 WARN CORRUPT RULE: ClassAttributeTypeToPropertyTypehas nodes and/ or edges whose type is an unresolved proxy!
2025-04-23 15:59:09 WARN   - field__typeReference__typeReference_eMoflonEdge, org.eclipse.emf.ecore.impl.EReferenceImpl@7e3ee128 (eProxyURI: platform:/plugin/org.emftext.language.java/metamodel/java.ecore#_Wo2ZQdz1Ed2bJ_pQViWxFg)
2025-04-23 15:59:09 WARN CORRUPT RULE: InterfaceAbstractToAbstracthas nodes and/ or edges whose type is an unresolved proxy!
2025-04-23 15:59:09 WARN   - modifier, org.eclipse.emf.ecore.impl.EClassImpl@166ce247 (eProxyURI: platform:/plugin/org.emftext.language.java/metamodel/java.ecore#_Wo2Yt9z1Ed2bJ_pQViWxFg)
2025-04-23 15:59:09 WARN CORRUPT RULE: InterfaceProtectedToProtectedhas nodes and/ or edges whose type is an unresolved proxy!
2025-04-23 15:59:09 WARN   - modifier, org.eclipse.emf.ecore.impl.EClassImpl@542c65d9 (eProxyURI: platform:/plugin/org.emftext.language.java/metamodel/java.ecore#_Wo2Yudz1Ed2bJ_pQViWxFg)
2025-04-23 15:59:09 WARN CORRUPT RULE: ClassProtectedToProtectedhas nodes and/ or edges whose type is an unresolved proxy!
[...]
2025-04-23 15:59:20 DEBUG Propagated <input change> in [[http://www.emftext.org/java]] -> [[http://www.eclipse.org/uml2/5.0.0/UML]] -> {}
2025-04-23 15:59:20 DEBUG Start recording virtual model
2025-04-23 15:59:20 WARN propagateChange not implemented, use propagateChanges (with an s).
2025-04-23 15:59:20 WARN propagateChange not implemented, use propagateChanges (with an s).
2025-04-23 15:59:20 DEBUG End recording virtual model
2025-04-23 15:59:20 DEBUG Propagated <input change> in [[http://www.emftext.org/java]] -> {}
2025-04-23 15:59:20 DEBUG Saving all models of model repository for VSUM @target\Java2UmlEvaluationGoal1\testJavaParameterDeleted
2025-04-23 15:59:20 DEBUG Save resource: org.eclipse.emf.ecore.xmi.impl.XMIResourceImpl@154bc3cf uri='target\Java2UmlEvaluationGoal1\testJavaParameterDeleted\uml_instance.model'
2025-04-23 15:59:20 DEBUG Finished synchronizing change: TransactionalChangeImpl: [
	Uuid(ord__JxpawyBLEfCt_d1Q4dqckw).parameters -= Uuid(ord__JxpaxCBLEfCt_d1Q4dqckw) (index 0)
	delete Uuid(ord__JxpaxCBLEfCt_d1Q4dqckw)
]

2025-04-23 15:59:20 INFO Finished change propagation
assertChildMatches for StrucFeatExpectation [StrucFeatExpectation] packagedElement
assertChildMatches for StrucFeatExpectation [StrucFeatExpectation] ownedOperation
assertChildMatches for StrucFeatExpectation [StrucFeatExpectation] ownedParameter
]]></system-out>
  </testcase>
  <testcase name="testClassAttributeToProperty" classname="tools.vitruv.methodologisttemplate.vsum.Java2UmlEvaluationGoal1Test" time="0.265">
    <system-out><![CDATA[2025-04-23 15:59:20 INFO eclipse-ibex-workspace: C:\Users\XPS-15\IdeaProjects\Vitruv-TGG-Integration-Test\vsum\..\eclipse-ibex-workspace\Java2Uml
2025-04-23 15:59:20 INFO setupCorrAndProtocol: Wiping corr.xmi and protocol.xmi
2025-04-23 15:59:20 INFO setupCorrAndProtocol: Wiping corr.xmi and protocol.xmi
2025-04-23 15:59:20 INFO Starting change propagation
2025-04-23 15:59:20 DEBUG Started synchronizing change: TransactionalChangeImpl: [
	create Uuid(ord__J4DkwCBLEfCt_d1Q4dqckw)
	insert Uuid(ord__J4DkwCBLEfCt_d1Q4dqckw) at target\Java2UmlEvaluationGoal1\testClassAttributeToProperty\java_instance.model (index 0)
	Uuid(ord__J4DkwCBLEfCt_d1Q4dqckw).name = peketsch (was )
	create Uuid(ord__J4EL0CBLEfCt_d1Q4dqckw)
	Uuid(ord__J4DkwCBLEfCt_d1Q4dqckw).compilationUnits += Uuid(ord__J4EL0CBLEfCt_d1Q4dqckw) (index 0)
	create Uuid(ord__J4EL0SBLEfCt_d1Q4dqckw)
	Uuid(ord__J4EL0CBLEfCt_d1Q4dqckw).classifiers += Uuid(ord__J4EL0SBLEfCt_d1Q4dqckw) (index 0)
	Uuid(ord__J4EL0SBLEfCt_d1Q4dqckw).name = kless (was )
	create Uuid(ord__J4EL0iBLEfCt_d1Q4dqckw)
	Uuid(ord__J4EL0SBLEfCt_d1Q4dqckw).members += Uuid(ord__J4EL0iBLEfCt_d1Q4dqckw) (index 0)
	Uuid(ord__J4EL0iBLEfCt_d1Q4dqckw).name = myField (was )
	create Uuid(ord__J4EL0yBLEfCt_d1Q4dqckw)
	Uuid(ord__J4EL0SBLEfCt_d1Q4dqckw).members += Uuid(ord__J4EL0yBLEfCt_d1Q4dqckw) (index 1)
	Uuid(ord__J4EL0yBLEfCt_d1Q4dqckw).name = myField2 (was )
]

2025-04-23 15:59:20 DEBUG Create model instance for resource with URI: target\Java2UmlEvaluationGoal1\testClassAttributeToProperty\java_instance.model
2025-04-23 15:59:20 DEBUG Start recording virtual model
2025-04-23 15:59:20 INFO ------- Calling ibex -------
2025-04-23 15:59:20 INFO Source Model has no respective target model yet. Creating one.
2025-04-23 15:59:20 DEBUG Create model instance for resource with URI: target\Java2UmlEvaluationGoal1\testClassAttributeToProperty\uml_instance.model
2025-04-23 15:59:20 INFO Resource not found. Not loading. Path=C:\Users\XPS-15\IdeaProjects\Vitruv-TGG-Integration-Test\vsum\..\eclipse-ibex-workspace/Java2Uml/instances/corr.xmi
2025-04-23 15:59:20 INFO Resource not found. Not loading. Path=C:\Users\XPS-15\IdeaProjects\Vitruv-TGG-Integration-Test\vsum\..\eclipse-ibex-workspace/Java2Uml/instances/protocol.xmi
2025-04-23 15:59:20 WARN CORRUPT RULE: InterfaceProtectedToProtectedhas nodes and/ or edges whose type is an unresolved proxy!
2025-04-23 15:59:20 WARN   - modifier, org.eclipse.emf.ecore.impl.EClassImpl@3645b9d5 (eProxyURI: platform:/plugin/org.emftext.language.java/metamodel/java.ecore#_Wo2Yudz1Ed2bJ_pQViWxFg)
2025-04-23 15:59:20 WARN CORRUPT RULE: ClassPrivateToPrivatehas nodes and/ or edges whose type is an unresolved proxy!
2025-04-23 15:59:20 WARN   - modifier, org.eclipse.emf.ecore.impl.EClassImpl@e2d12b8 (eProxyURI: platform:/plugin/org.emftext.language.java/metamodel/java.ecore#_Wo2Yu9z1Ed2bJ_pQViWxFg)
2025-04-23 15:59:20 WARN CORRUPT RULE: ConstructorEnumParamTypeToParamTypehas nodes and/ or edges whose type is an unresolved proxy!
2025-04-23 15:59:20 WARN   - parameter__typeReference__typeReference_eMoflonEdge, org.eclipse.emf.ecore.impl.EReferenceImpl@20e1361d (eProxyURI: platform:/plugin/org.emftext.language.java/metamodel/java.ecore#_Wo2ZQdz1Ed2bJ_pQViWxFg)
2025-04-23 15:59:20 WARN CORRUPT RULE: ConstructorInterfaceParamTypeToParamTypehas nodes and/ or edges whose type is an unresolved proxy!
2025-04-23 15:59:20 WARN   - parameter__typeReference__typeReference_eMoflonEdge, org.eclipse.emf.ecore.impl.EReferenceImpl@d5ef7c0 (eProxyURI: platform:/plugin/org.emftext.language.java/metamodel/java.ecore#_Wo2ZQdz1Ed2bJ_pQViWxFg)
2025-04-23 15:59:20 WARN CORRUPT RULE: ClassAttributeTypeToPropertyTypehas nodes and/ or edges whose type is an unresolved proxy!
2025-04-23 15:59:20 WARN   - field__typeReference__typeReference_eMoflonEdge, org.eclipse.emf.ecore.impl.EReferenceImpl@12bc51f4 (eProxyURI: platform:/plugin/org.emftext.language.java/metamodel/java.ecore#_Wo2ZQdz1Ed2bJ_pQViWxFg)
2025-04-23 15:59:20 WARN CORRUPT RULE: EnumPrivateToPrivatehas nodes and/ or edges whose type is an unresolved proxy!
2025-04-23 15:59:20 WARN   - modifier, org.eclipse.emf.ecore.impl.EClassImpl@7cf0d34 (eProxyURI: platform:/plugin/org.emftext.language.java/metamodel/java.ecore#_Wo2Yu9z1Ed2bJ_pQViWxFg)
2025-04-23 15:59:20 WARN CORRUPT RULE: MethodAbstractToAbstracthas nodes and/ or edges whose type is an unresolved proxy!
2025-04-23 15:59:20 WARN   - modifier, org.eclipse.emf.ecore.impl.EClassImpl@6a1f63fd (eProxyURI: platform:/plugin/org.emftext.language.java/metamodel/java.ecore#_Wo2Yt9z1Ed2bJ_pQViWxFg)
2025-04-23 15:59:20 WARN CORRUPT RULE: MethodFinalToFinalhas nodes and/ or edges whose type is an unresolved proxy!
2025-04-23 15:59:20 WARN   - modifier, org.eclipse.emf.ecore.impl.EClassImpl@406b5725 (eProxyURI: platform:/plugin/org.emftext.language.java/metamodel/java.ecore#_Wo2Yvdz1Ed2bJ_pQViWxFg)
2025-04-23 15:59:20 WARN CORRUPT RULE: ClassPublicToPublichas nodes and/ or edges whose type is an unresolved proxy!
2025-04-23 15:59:20 WARN   - modifier, org.eclipse.emf.ecore.impl.EClassImpl@2ecc303c (eProxyURI: platform:/plugin/org.emftext.language.java/metamodel/java.ecore#_Wo2Ytdz1Ed2bJ_pQViWxFg)
2025-04-23 15:59:20 WARN CORRUPT RULE: ClassFinalToFinalhas nodes and/ or edges whose type is an unresolved proxy!
2025-04-23 15:59:20 WARN   - modifier, org.eclipse.emf.ecore.impl.EClassImpl@19416b0f (eProxyURI: platform:/plugin/org.emftext.language.java/metamodel/java.ecore#_Wo2Yvdz1Ed2bJ_pQViWxFg)
2025-04-23 15:59:20 WARN CORRUPT RULE: ClassProtectedToProtectedhas nodes and/ or edges whose type is an unresolved proxy!
2025-04-23 15:59:20 WARN   - modifier, org.eclipse.emf.ecore.impl.EClassImpl@4a9e03b (eProxyURI: platform:/plugin/org.emftext.language.java/metamodel/java.ecore#_Wo2Yudz1Ed2bJ_pQViWxFg)
2025-04-23 15:59:20 WARN CORRUPT RULE: EnumFinalToFinalhas nodes and/ or edges whose type is an unresolved proxy!
2025-04-23 15:59:20 WARN   - modifier, org.eclipse.emf.ecore.impl.EClassImpl@5b57bd5b (eProxyURI: platform:/plugin/org.emftext.language.java/metamodel/java.ecore#_Wo2Yvdz1Ed2bJ_pQViWxFg)
2025-04-23 15:59:20 WARN CORRUPT RULE: MethodEnumParamTypeToParamTypehas nodes and/ or edges whose type is an unresolved proxy!
2025-04-23 15:59:20 WARN   - parameter__typeReference__typeReference_eMoflonEdge, org.eclipse.emf.ecore.impl.EReferenceImpl@2ac58d (eProxyURI: platform:/plugin/org.emftext.language.java/metamodel/java.ecore#_Wo2ZQdz1Ed2bJ_pQViWxFg)
2025-04-23 15:59:20 WARN CORRUPT RULE: EnumAbstractToAbstracthas nodes and/ or edges whose type is an unresolved proxy!
2025-04-23 15:59:20 WARN   - modifier, org.eclipse.emf.ecore.impl.EClassImpl@4af2f991 (eProxyURI: platform:/plugin/org.emftext.language.java/metamodel/java.ecore#_Wo2Yt9z1Ed2bJ_pQViWxFg)
2025-04-23 15:59:20 WARN CORRUPT RULE: InterfacePublicToPublichas nodes and/ or edges whose type is an unresolved proxy!
2025-04-23 15:59:20 WARN   - modifier, org.eclipse.emf.ecore.impl.EClassImpl@1d8d9807 (eProxyURI: platform:/plugin/org.emftext.language.java/metamodel/java.ecore#_Wo2Ytdz1Ed2bJ_pQViWxFg)
2025-04-23 15:59:20 WARN CORRUPT RULE: InterfaceAbstractToAbstracthas nodes and/ or edges whose type is an unresolved proxy!
2025-04-23 15:59:20 WARN   - modifier, org.eclipse.emf.ecore.impl.EClassImpl@25832704 (eProxyURI: platform:/plugin/org.emftext.language.java/metamodel/java.ecore#_Wo2Yt9z1Ed2bJ_pQViWxFg)
2025-04-23 15:59:20 WARN CORRUPT RULE: EnumProtectedToProtectedhas nodes and/ or edges whose type is an unresolved proxy!
2025-04-23 15:59:20 WARN   - modifier, org.eclipse.emf.ecore.impl.EClassImpl@76928be0 (eProxyURI: platform:/plugin/org.emftext.language.java/metamodel/java.ecore#_Wo2Yudz1Ed2bJ_pQViWxFg)
2025-04-23 15:59:20 WARN CORRUPT RULE: MethodInterfaceReturnTypeToReturnTypehas nodes and/ or edges whose type is an unresolved proxy!
2025-04-23 15:59:20 WARN   - javaMethod__typeReference__typeReference_eMoflonEdge, org.eclipse.emf.ecore.impl.EReferenceImpl@3131c0d8 (eProxyURI: platform:/plugin/org.emftext.language.java/metamodel/java.ecore#_Wo2ZQdz1Ed2bJ_pQViWxFg)
2025-04-23 15:59:20 WARN CORRUPT RULE: ConstructorClassParamTypeToParamTypehas nodes and/ or edges whose type is an unresolved proxy!
2025-04-23 15:59:20 WARN   - parameter__typeReference__typeReference_eMoflonEdge, org.eclipse.emf.ecore.impl.EReferenceImpl@2771657a (eProxyURI: platform:/plugin/org.emftext.language.java/metamodel/java.ecore#_Wo2ZQdz1Ed2bJ_pQViWxFg)
2025-04-23 15:59:20 WARN CORRUPT RULE: MethodClassParamTypeToParamTypehas nodes and/ or edges whose type is an unresolved proxy!
2025-04-23 15:59:20 WARN   - parameter__typeReference__typeReference_eMoflonEdge, org.eclipse.emf.ecore.impl.EReferenceImpl@261a0d86 (eProxyURI: platform:/plugin/org.emftext.language.java/metamodel/java.ecore#_Wo2ZQdz1Ed2bJ_pQViWxFg)
2025-04-23 15:59:20 WARN CORRUPT RULE: MethodClassReturnTypeToReturnTypehas nodes and/ or edges whose type is an unresolved proxy!
2025-04-23 15:59:20 WARN   - javaMethod__typeReference__typeReference_eMoflonEdge, org.eclipse.emf.ecore.impl.EReferenceImpl@3edb0c1e (eProxyURI: platform:/plugin/org.emftext.language.java/metamodel/java.ecore#_Wo2ZQdz1Ed2bJ_pQViWxFg)
2025-04-23 15:59:20 WARN CORRUPT RULE: InterfaceAttributeTypeToPropertyTypehas nodes and/ or edges whose type is an unresolved proxy!
2025-04-23 15:59:20 WARN   - field__typeReference__typeReference_eMoflonEdge, org.eclipse.emf.ecore.impl.EReferenceImpl@408ad61a (eProxyURI: platform:/plugin/org.emftext.language.java/metamodel/java.ecore#_Wo2ZQdz1Ed2bJ_pQViWxFg)
2025-04-23 15:59:20 WARN CORRUPT RULE: ClassAbstractToAbstracthas nodes and/ or edges whose type is an unresolved proxy!
2025-04-23 15:59:20 WARN   - modifier, org.eclipse.emf.ecore.impl.EClassImpl@5b0bfe86 (eProxyURI: platform:/plugin/org.emftext.language.java/metamodel/java.ecore#_Wo2Yt9z1Ed2bJ_pQViWxFg)
2025-04-23 15:59:20 WARN CORRUPT RULE: EnumAttributeTypeToPropertyTypehas nodes and/ or edges whose type is an unresolved proxy!
2025-04-23 15:59:20 WARN   - field__typeReference__typeReference_eMoflonEdge, org.eclipse.emf.ecore.impl.EReferenceImpl@2f9404a7 (eProxyURI: platform:/plugin/org.emftext.language.java/metamodel/java.ecore#_Wo2ZQdz1Ed2bJ_pQViWxFg)
2025-04-23 15:59:20 WARN CORRUPT RULE: EnumPublicToPublichas nodes and/ or edges whose type is an unresolved proxy!
2025-04-23 15:59:20 WARN   - modifier, org.eclipse.emf.ecore.impl.EClassImpl@2347ca7a (eProxyURI: platform:/plugin/org.emftext.language.java/metamodel/java.ecore#_Wo2Ytdz1Ed2bJ_pQViWxFg)
2025-04-23 15:59:20 WARN CORRUPT RULE: MethodEnumReturnTypeToReturnTypehas nodes and/ or edges whose type is an unresolved proxy!
2025-04-23 15:59:20 WARN   - javaMethod__typeReference__typeReference_eMoflonEdge, org.eclipse.emf.ecore.impl.EReferenceImpl@54c543a5 (eProxyURI: platform:/plugin/org.emftext.language.java/metamodel/java.ecore#_Wo2ZQdz1Ed2bJ_pQViWxFg)
2025-04-23 15:59:20 WARN CORRUPT RULE: MethodInterfaceParamTypeToParamTypehas nodes and/ or edges whose type is an unresolved proxy!
2025-04-23 15:59:20 WARN   - parameter__typeReference__typeReference_eMoflonEdge, org.eclipse.emf.ecore.impl.EReferenceImpl@9ce4057 (eProxyURI: platform:/plugin/org.emftext.language.java/metamodel/java.ecore#_Wo2ZQdz1Ed2bJ_pQViWxFg)
2025-04-23 15:59:20 WARN CORRUPT RULE: FieldStaticToStatichas nodes and/ or edges whose type is an unresolved proxy!
2025-04-23 15:59:20 WARN   - modifier, org.eclipse.emf.ecore.impl.EClassImpl@723c7f2f (eProxyURI: platform:/plugin/org.emftext.language.java/metamodel/java.ecore#_Wo2Yv9z1Ed2bJ_pQViWxFg)
2025-04-23 15:59:20 WARN CORRUPT RULE: InterfaceFinalToFinalhas nodes and/ or edges whose type is an unresolved proxy!
2025-04-23 15:59:20 WARN   - modifier, org.eclipse.emf.ecore.impl.EClassImpl@278758da (eProxyURI: platform:/plugin/org.emftext.language.java/metamodel/java.ecore#_Wo2Yvdz1Ed2bJ_pQViWxFg)
2025-04-23 15:59:20 WARN CORRUPT RULE: InterfacePrivateToPrivatehas nodes and/ or edges whose type is an unresolved proxy!
2025-04-23 15:59:20 WARN   - modifier, org.eclipse.emf.ecore.impl.EClassImpl@6c78ad08 (eProxyURI: platform:/plugin/org.emftext.language.java/metamodel/java.ecore#_Wo2Yu9z1Ed2bJ_pQViWxFg)
2025-04-23 15:59:20 WARN CORRUPT RULE: FieldFinalToFinalhas nodes and/ or edges whose type is an unresolved proxy!
2025-04-23 15:59:20 WARN   - modifier, org.eclipse.emf.ecore.impl.EClassImpl@2e740f3c (eProxyURI: platform:/plugin/org.emftext.language.java/metamodel/java.ecore#_Wo2Yvdz1Ed2bJ_pQViWxFg)
2025-04-23 15:59:20 WARN CORRUPT RULE: MethodStaticToStatichas nodes and/ or edges whose type is an unresolved proxy!
2025-04-23 15:59:20 WARN   - modifier, org.eclipse.emf.ecore.impl.EClassImpl@197b91d2 (eProxyURI: platform:/plugin/org.emftext.language.java/metamodel/java.ecore#_Wo2Yv9z1Ed2bJ_pQViWxFg)
2025-04-23 15:59:20 INFO Pattern Conversion took 7.957 ms
2025-04-23 15:59:20 INFO Starting SYNC
2025-04-23 15:59:20 WARN   LOADED MARKERS : 
    - 
2025-04-23 15:59:20 WARN No rule defined to cover the following change's type: [InsertEAttributeValue] AE=Package:29cf36fb, name=peketsch
2025-04-23 15:59:20 WARN No rule defined to cover the following change's type: [InsertEAttributeValue] AE=Class:14344b44, name=kless
2025-04-23 15:59:20 WARN No rule defined to cover the following change's type: [InsertEAttributeValue] AE=Field:441ccfd7, name=myField
2025-04-23 15:59:20 WARN No rule defined to cover the following change's type: [InsertEAttributeValue] AE=Field:7c48a505, name=myField2
2025-04-23 15:59:20 INFO Pattern Matching took 2.4938 ms
2025-04-23 15:59:20 INFO Created elements: 15
2025-04-23 15:59:20 INFO Deleted elements: 0
2025-04-23 15:59:20 INFO Completed SYNC in: 24 ms
2025-04-23 15:59:20 DEBUG BENCHMARKLOGGER logs: 
2025-04-23 15:59:20 DEBUG BenchmarkLogger
[
  Total elements created .. 15
  Total elements deleted .. 0
  Total matches found ..... 8
  Total matches repaired .. 0
  Total matches revoked ... 0
  Total matches applied ... 5
]
2025-04-23 15:59:20 INFO VitruviusBackwardConversionTGGEngine::terminate called. We do not use this.
2025-04-23 15:59:20 DEBUG Add root to resource: org.eclipse.emf.ecore.xmi.impl.XMIResourceImpl@30e4cf5e uri='target\Java2UmlEvaluationGoal1\testClassAttributeToProperty\uml_instance.model'
2025-04-23 15:59:20 INFO -- Added the following corrs: 
2025-04-23 15:59:20 INFO   - [CorrespondenceNode JavaCompilationUnitToUmlModel] SRC=CompilationUnit:4011f95e, name=null, TRG=Model:c5aa143, name=UML_MODEL
2025-04-23 15:59:20 INFO   - [CorrespondenceNode JavaAttributeToUmlProperty] SRC=Field:7c48a505, name=myField2, TRG=Property:287b3acd, name=myField2
2025-04-23 15:59:20 INFO   - [CorrespondenceNode JavaPackageToUmlPackage] SRC=Package:29cf36fb, name=peketsch, TRG=Package:82bbbdc, name=peketsch
2025-04-23 15:59:20 INFO   - [CorrespondenceNode JavaAttributeToUmlProperty] SRC=Field:441ccfd7, name=myField, TRG=Property:cd90676, name=myField
2025-04-23 15:59:20 INFO   - [CorrespondenceNode JavaClassifierToUmlClassifier] SRC=Class:14344b44, name=kless, TRG=Class:44335e28, name=kless
2025-04-23 15:59:20 DEBUG End recording virtual model
2025-04-23 15:59:20 DEBUG Propagated <input change> in [[http://www.emftext.org/java]] -> {[[http://www.eclipse.org/uml2/5.0.0/UML]]}
2025-04-23 15:59:20 DEBUG Propagated <input change> in [[http://www.emftext.org/java]] -> [[http://www.eclipse.org/uml2/5.0.0/UML]] -> {}
2025-04-23 15:59:20 DEBUG Propagated <input change> in [[http://www.emftext.org/java]] -> [[http://www.eclipse.org/uml2/5.0.0/UML]] -> {}
2025-04-23 15:59:20 DEBUG Start recording virtual model
2025-04-23 15:59:20 WARN propagateChange not implemented, use propagateChanges (with an s).
2025-04-23 15:59:20 WARN propagateChange not implemented, use propagateChanges (with an s).
2025-04-23 15:59:20 WARN propagateChange not implemented, use propagateChanges (with an s).
2025-04-23 15:59:20 WARN propagateChange not implemented, use propagateChanges (with an s).
2025-04-23 15:59:20 WARN propagateChange not implemented, use propagateChanges (with an s).
2025-04-23 15:59:20 WARN propagateChange not implemented, use propagateChanges (with an s).
2025-04-23 15:59:20 WARN propagateChange not implemented, use propagateChanges (with an s).
2025-04-23 15:59:20 WARN propagateChange not implemented, use propagateChanges (with an s).
2025-04-23 15:59:20 WARN propagateChange not implemented, use propagateChanges (with an s).
2025-04-23 15:59:20 WARN propagateChange not implemented, use propagateChanges (with an s).
2025-04-23 15:59:20 WARN propagateChange not implemented, use propagateChanges (with an s).
2025-04-23 15:59:20 WARN propagateChange not implemented, use propagateChanges (with an s).
2025-04-23 15:59:20 WARN propagateChange not implemented, use propagateChanges (with an s).
2025-04-23 15:59:20 WARN propagateChange not implemented, use propagateChanges (with an s).
2025-04-23 15:59:20 DEBUG End recording virtual model
2025-04-23 15:59:20 DEBUG Propagated <input change> in [[http://www.emftext.org/java]] -> {}
2025-04-23 15:59:20 DEBUG Saving all models of model repository for VSUM @target\Java2UmlEvaluationGoal1\testClassAttributeToProperty
2025-04-23 15:59:20 DEBUG Save resource: org.eclipse.emf.ecore.xmi.impl.XMIResourceImpl@30e4cf5e uri='target\Java2UmlEvaluationGoal1\testClassAttributeToProperty\uml_instance.model'
2025-04-23 15:59:20 DEBUG Finished synchronizing change: TransactionalChangeImpl: [
	create Uuid(ord__J4DkwCBLEfCt_d1Q4dqckw)
	insert Uuid(ord__J4DkwCBLEfCt_d1Q4dqckw) at target\Java2UmlEvaluationGoal1\testClassAttributeToProperty\java_instance.model (index 0)
	Uuid(ord__J4DkwCBLEfCt_d1Q4dqckw).name = peketsch (was )
	create Uuid(ord__J4EL0CBLEfCt_d1Q4dqckw)
	Uuid(ord__J4DkwCBLEfCt_d1Q4dqckw).compilationUnits += Uuid(ord__J4EL0CBLEfCt_d1Q4dqckw) (index 0)
	create Uuid(ord__J4EL0SBLEfCt_d1Q4dqckw)
	Uuid(ord__J4EL0CBLEfCt_d1Q4dqckw).classifiers += Uuid(ord__J4EL0SBLEfCt_d1Q4dqckw) (index 0)
	Uuid(ord__J4EL0SBLEfCt_d1Q4dqckw).name = kless (was )
	create Uuid(ord__J4EL0iBLEfCt_d1Q4dqckw)
	Uuid(ord__J4EL0SBLEfCt_d1Q4dqckw).members += Uuid(ord__J4EL0iBLEfCt_d1Q4dqckw) (index 0)
	Uuid(ord__J4EL0iBLEfCt_d1Q4dqckw).name = myField (was )
	create Uuid(ord__J4EL0yBLEfCt_d1Q4dqckw)
	Uuid(ord__J4EL0SBLEfCt_d1Q4dqckw).members += Uuid(ord__J4EL0yBLEfCt_d1Q4dqckw) (index 1)
	Uuid(ord__J4EL0yBLEfCt_d1Q4dqckw).name = myField2 (was )
]

2025-04-23 15:59:20 INFO Finished change propagation
]]></system-out>
  </testcase>
</testsuite>